2024-08-11T11:55:00.444 application=api_v2 request_id=F-qqhh5AZzPRSUQAALTE [info] Sent 200 in 4ms on GET /api/v2/main-page/indexing-status?
2024-08-11T11:55:00.453 application=api_v2 request_id=F-qqhh8r3YWfwZoAALAm [info] Sent 200 in 498µs on GET /api/v2/config/backend-version?
2024-08-11T11:55:00.480 application=api_v2 request_id=F-qqhh67Cg51dJMAAIJi [info] Sent 200 in 37ms on GET /api/v2/stats/charts/transactions?
2024-08-11T11:55:00.551 application=api_v2 request_id=F-qqhh3QAkD780AAAMHB [info] Sent 200 in 113ms on GET /api/v2/stats?
2024-08-11T11:55:00.732 application=api_v2 request_id=F-qqhh7IhjTvoy4AALTk [info] Sent 200 in 288ms on GET /api/v2/main-page/blocks?
2024-08-11T11:55:00.818 application=api_v2 request_id=F-qqhh9h4C6LjWMAAKHF [info] Sent 200 in 364ms on GET /api/v2/main-page/transactions?
2024-08-11T11:55:20.831 application=api_v2 request_id=F-qqit3uRBlonrUAAOSD [info] Sent 200 in 680µs on GET /api/v2/main-page/indexing-status?
2024-08-11T11:55:20.835 application=api_v2 request_id=F-qqit1qn-fw3dYAAORj [info] Sent 200 in 13ms on GET /api/v2/stats?
2024-08-11T11:55:20.844 application=api_v2 request_id=F-qqit3ztfrJJqEAAOSj [info] Sent 200 in 13ms on GET /api/v2/stats/charts/transactions?
2024-08-11T11:55:20.845 application=api_v2 request_id=F-qqit7IuBb54ngAANRh [info] Sent 200 in 386µs on GET /api/v2/config/backend-version?
2024-08-11T11:55:20.854 application=api_v2 request_id=F-qqit4oShpmSx0AAMGk [info] Sent 200 in 20ms on GET /api/v2/main-page/blocks?
2024-08-11T11:55:21.131 application=api_v2 request_id=F-qqit7Gr2tyjZ0AAMHE [info] Sent 200 in 286ms on GET /api/v2/main-page/transactions?
2024-08-11T11:55:29.153 application=api_v2 request_id=F-qqjM3YsE7DXGoAAMKH [info] Sent 200 in 2ms on GET /api/v2/main-page/indexing-status?
2024-08-11T11:55:29.659 application=api_v2 request_id=F-qqjOtw-e5Z4gsAANqB [info] Sent 200 in 12ms on GET /api/v2/stats?
2024-08-11T11:55:29.872 application=api_v2 request_id=F-qqjOJd99MiLNsAANph [info] Sent 200 in 378ms on GET /api/v2/blocks?type=block
2024-08-11T11:55:34.624 application=api_v2 request_id=F-qqjgXrxapSVxcAAI7I [info] Sent 200 in 235ms on GET /api/v2/addresses/0x0000000000000000000000000000000000000000/tabs-counters?
2024-08-11T11:55:34.722 application=api_v2 request_id=F-qqjgXD1JE-LQMAAMkE [info] Sent 200 in 334ms on GET /api/v2/addresses/0x0000000000000000000000000000000000000000/transactions?
2024-08-11T11:55:34.870 application=api_v2 request_id=F-qqjgXD1GjLC10AANyB [info] Sent 200 in 482ms on GET /api/v2/addresses/0x0000000000000000000000000000000000000000?
2024-08-11T11:55:35.013 application=api_v2 request_id=F-qqjiaKy8-k3ikAAOgj [info] Sent 200 in 80ms on GET /api/v2/addresses/0x0000000000000000000000000000000000000000/counters?
2024-08-11T11:55:40.506 application=api_v2 request_id=F-qqj3IESY8lW1kAAOBh [info] Sent 200 in 11ms on GET /api/v2/tokens?
2024-08-11T11:55:49.177 application=api_v2 request_id=F-qqkXav8EsRF5UAAO7D [info] Sent 200 in 14ms on GET /api/v2/stats?
2024-08-11T11:55:49.195 application=api_v2 request_id=F-qqkXav62nVWuwAAONh [info] Sent 200 in 32ms on GET /api/v2/transactions/stats?
2024-08-11T11:55:49.344 application=api_v2 request_id=F-qqkXmn4yuEk8QAAJtI [info] Sent 200 in 131ms on GET /api/v2/transactions?filter=validated
2024-08-11T11:56:01.771 application=api_v2 request_id=F-qqlGYVQm8Y4vUAAPKj [info] Sent 200 in 1ms on GET /api/v2/main-page/indexing-status?
2024-08-11T11:56:01.777 application=api_v2 request_id=F-qqlGaF34mxHyIAALeF [info] Sent 200 in 336µs on GET /api/v2/config/backend-version?
2024-08-11T11:56:01.785 application=api_v2 request_id=F-qqlGXKLWhknuYAAPKD [info] Sent 200 in 20ms on GET /api/v2/stats?
2024-08-11T11:56:02.012 application=api_v2 request_id=F-qqlHMh37PPBUYAAPMD [info] Sent 200 in 24ms on GET /api/v2/transactions/stats?
2024-08-11T11:56:02.156 application=api_v2 request_id=F-qqlHWqW7-D_sUAAPMj [info] Sent 200 in 125ms on GET /api/v2/transactions?filter=validated
2024-08-11T11:56:03.390 application=api_v2 request_id=F-qqlMWeCNipIKEAANeH [info] Sent 200 in 18ms on GET /api/v2/stats?
2024-08-11T11:56:35.094 application=api_v2 request_id=F-qqnCcI3kEE11YAAPUB [info] Sent 200 in 23ms on GET /api/v2/stats?
2024-08-11T11:57:06.089 application=api_v2 request_id=F-qqo17guE9YviIAALvi [info] Sent 200 in 18ms on GET /api/v2/stats?
2024-08-11T11:57:37.086 application=api_v2 request_id=F-qqqpameOYIDlYAARmB [info] Sent 200 in 11ms on GET /api/v2/stats?
2024-08-11T11:57:47.600 application=api_v2 request_id=F-qqrQoH3iB1uSEAAMrC [info] Sent 200 in 1ms on GET /api/v2/main-page/indexing-status?
2024-08-11T11:57:47.600 application=api_v2 request_id=F-qqrQoaAA67TEIAANro [info] Sent 200 in 443µs on GET /api/v2/config/backend-version?
2024-08-11T11:57:47.620 application=api_v2 request_id=F-qqrQi7d7r80FsAAR9D [info] Sent 200 in 41ms on GET /api/v2/stats?
2024-08-11T11:57:47.843 application=api_v2 request_id=F-qqrRYv8OK-tX0AANsI [info] Sent 200 in 39ms on GET /api/v2/transactions/stats?
2024-08-11T11:57:48.001 application=api_v2 request_id=F-qqrRoymW1lqrkAAR_h [info] Sent 200 in 130ms on GET /api/v2/transactions?filter=validated
2024-08-11T11:57:53.096 application=api_v2 request_id=F-qqrlEH6nvp8WMAASCh [info] Sent 200 in 10ms on GET /api/v2/stats?
2024-08-11T11:57:53.553 application=api_v2 request_id=F-qqrkaYcnzIkNoAASCB [info] Sent 200 in 643ms on GET /api/v2/blocks?type=block
2024-08-11T11:58:07.508 application=api_v2 request_id=F-qqsaw_hn-MHcMAAPpl [info] Sent 200 in 8ms on GET /api/v2/stats?
2024-08-11T11:58:39.117 application=api_v2 request_id=F-qquQcsdz7x9MkAANvC [info] Sent 200 in 21ms on GET /api/v2/stats?
2024-08-11T11:59:01.999 application=api_v2 request_id=F-qqvlukz2UZGRgAAOZC [info] Sent 200 in 15ms on GET /api/v2/stats?
2024-08-11T11:59:02.006 application=api_v2 request_id=F-qqvl0DSTzDyiUAATyB [info] Sent 200 in 303µs on GET /api/v2/main-page/indexing-status?
2024-08-11T11:59:02.018 application=api_v2 request_id=F-qqvl2pf4eHiREAAOZi [info] Sent 200 in 276µs on GET /api/v2/config/backend-version?
2024-08-11T11:59:02.360 application=api_v2 request_id=F-qqvm7FVsqn4hMAAOaC [info] Sent 200 in 57ms on GET /api/v2/blocks?type=block
2024-08-11T11:59:11.096 application=api_v2 request_id=F-qqwHnUiwVdJ1YAAUQB [info] Sent 200 in 15ms on GET /api/v2/stats?
2024-08-11T11:59:41.113 application=api_v2 request_id=F-qqx3bBCTq0AGEAAWLB [info] Sent 200 in 18ms on GET /api/v2/stats?
2024-08-11T12:00:12.092 application=api_v2 request_id=F-qqzq5FAiSKSQsAAXSB [info] Sent 200 in 2ms on GET /api/v2/stats?
2024-08-11T12:00:43.094 application=api_v2 request_id=F-qq1eYHrNtH1x4AAQrC [info] Sent 200 in 2ms on GET /api/v2/stats?
2024-08-11T12:01:14.124 application=api_v2 request_id=F-qq3R7l_dQLSOsAAY9h [info] Sent 200 in 10ms on GET /api/v2/stats?
2024-08-11T12:01:45.094 application=api_v2 request_id=F-qq5FTvji4i2doAAWXE [info] Sent 200 in 8ms on GET /api/v2/stats?
2024-08-11T12:02:17.100 application=api_v2 request_id=F-qq68hs5K9EyXoAATho [info] Sent 200 in 12ms on GET /api/v2/stats?
2024-08-11T12:02:26.277 application=api_v2 request_id=F-qq7ev1mLC3swgAAbEh [info] Sent 200 in 3ms on GET /api/v2/main-page/indexing-status?
2024-08-11T12:02:26.282 application=api_v2 request_id=F-qq7exylmgptjMAAXVl [info] Sent 200 in 299µs on GET /api/v2/config/backend-version?
2024-08-11T12:02:26.282 application=api_v2 request_id=F-qq7dyzK3Cg6QYAATiI [info] Sent 200 in 245ms on GET /api/v2/stats?
2024-08-11T12:02:26.367 application=api_v2 request_id=F-qq7e_1dmPASKQAAXWF [info] Sent 200 in 26ms on GET /api/v2/blocks?type=block
2024-08-11T12:02:36.557 application=api_v2 request_id=F-qq8FDr6zM6OSYAAX3F [info] Sent 200 in 575µs on GET /api/v2/main-page/indexing-status?
2024-08-11T12:02:36.603 application=api_v2 request_id=F-qq8FOoXDCDop4AAYuk [info] Sent 200 in 306µs on GET /api/v2/config/backend-version?
2024-08-11T12:02:36.610 application=api_v2 request_id=F-qq8FBdCg3VZ5IAAYtk [info] Sent 200 in 61ms on GET /api/v2/stats?
2024-08-11T12:02:36.639 application=api_v2 request_id=F-qq8FEMhbhXm6UAAYuE [info] Sent 200 in 80ms on GET /api/v2/stats/charts/transactions?
2024-08-11T12:02:36.702 application=api_v2 request_id=F-qq8FEszTp4r1UAAbQh [info] Sent 200 in 140ms on GET /api/v2/main-page/blocks?
2024-08-11T12:02:36.851 application=api_v2 request_id=F-qq8FNuCYYagN0AAX3l [info] Sent 200 in 252ms on GET /api/v2/main-page/transactions?
2024-08-11T12:02:39.773 application=api_v2 request_id=F-qq8RB-e10_Js8AAbVB [info] Sent 200 in 1ms on GET /api/v2/main-page/indexing-status?
2024-08-11T12:02:41.115 application=api_v2 request_id=F-qq8ReS7v_H-2EAAbVh [info] Sent 200 in 1224ms on GET /api/v2/transactions/0xfa1616402b26433a215d0996cf93549fb48def20a5bb813c1ffbc8582726ce84?
2024-08-11T12:02:47.192 application=api_v2 request_id=F-qq8soV0380hGUAAbdB [info] Sent 200 in 11ms on GET /api/v2/stats?
2024-08-11T12:02:51.646 application=api_v2 request_id=F-qq883Q2iToCwQAAbhB [info] Sent 200 in 108ms on GET /api/v2/addresses/0x08e0e9643aB61C87D971288Be9276A6aA95e53a3/transactions?
2024-08-11T12:02:51.701 application=api_v2 request_id=F-qq883hPSHJWcwAAUBo [info] Sent 200 in 163ms on GET /api/v2/addresses/0x08e0e9643aB61C87D971288Be9276A6aA95e53a3/tabs-counters?
2024-08-11T12:02:51.766 application=api_v2 request_id=F-qq883YQnYhkCQAAUBI [info] Sent 200 in 228ms on GET /api/v2/addresses/0x08e0e9643aB61C87D971288Be9276A6aA95e53a3?
2024-08-11T12:02:51.976 application=api_v2 request_id=F-qq8-emTUZN5wIAAbmB [info] Sent 200 in 5ms on GET /api/v2/addresses/0x08e0e9643aB61C87D971288Be9276A6aA95e53a3/counters?
2024-08-11T12:02:56.982 application=api_v2 request_id=F-qq9RDYrDIQKxMAAYdG [info] Sent 200 in 22ms on GET /api/v2/stats?
2024-08-11T12:02:56.985 application=api_v2 request_id=F-qq9RDYrFtrV5IAAb0B [info] Sent 200 in 25ms on GET /api/v2/transactions/stats?
2024-08-11T12:02:57.093 application=api_v2 request_id=F-qq9RRvaSJs3-wAAUJI [info] Sent 200 in 74ms on GET /api/v2/transactions?filter=validated
2024-08-11T12:03:05.670 application=api_v2 request_id=F-qq9xc_ypmxlBUAAcCh [info] Sent 200 in 4ms on GET /api/v2/addresses/0x08e0e9643aB61C87D971288Be9276A6aA95e53a3/tabs-counters?
2024-08-11T12:03:05.707 application=api_v2 request_id=F-qq9xdDAn0yuPoAAY2F [info] Sent 200 in 43ms on GET /api/v2/addresses/0x08e0e9643aB61C87D971288Be9276A6aA95e53a3/transactions?
2024-08-11T12:03:14.254 application=api_v2 request_id=F-qq-RarKRpGs7YAAcWh [info] Sent 200 in 18ms on GET /api/v2/smart-contracts/0x08e0e9643aB61C87D971288Be9276A6aA95e53a3?
2024-08-11T12:03:18.530 application=api_v2 request_id=F-qq-hZI9CTAqp4AAU6I [info] Sent 200 in 6ms on GET /api/v2/stats?
2024-08-11T12:03:35.960 application=api_v2 request_id=F-qq_iJOFQ7dCQAAAcvh [info] Sent 200 in 52ms on GET /api/v2/addresses/0x08e0e9643aB61C87D971288Be9276A6aA95e53a3/internal-transactions?
2024-08-11T12:03:36.069 application=api_v2 request_id=F-qq-C6ksZt_ZzEAAUdI [info] Sent 200 in 25726ms on GET /api/v2/addresses/0x08e0e9643aB61C87D971288Be9276A6aA95e53a3/logs?
2024-08-11T12:03:43.048 application=api_v2 request_id=F-qq_8XqWPa4UR4AAdAB [info] Sent 200 in 102ms on GET /api/v2/transactions/0x7e2f78a21e7b2d9c2c6a152380b0803ec42579f7cd7148f54f67346fac88b690?
2024-08-11T12:03:49.364 application=api_v2 request_id=F-qrAURDIUcHyyIAAdVh [info] Sent 200 in 4ms on GET /api/v2/stats?
2024-08-11T12:03:50.703 application=api_v2 request_id=F-qrAZNdOdsDzksAAdiB [info] Sent 200 in 16ms on GET /api/v2/transactions/stats?
2024-08-11T12:03:50.703 application=api_v2 request_id=F-qrAZNeFwxEOukAAVXi [info] Sent 200 in 16ms on GET /api/v2/stats?
2024-08-11T12:03:50.928 application=api_v2 request_id=F-qrAZWts9njtyIAAbuD [info] Sent 200 in 202ms on GET /api/v2/transactions?filter=validated
2024-08-11T12:03:58.521 application=api_v2 request_id=F-qrA2Yk2zcbjaIAAd9B [info] Sent 200 in 3ms on GET /api/v2/addresses/0x08e0e9643aB61C87D971288Be9276A6aA95e53a3/tabs-counters?
2024-08-11T12:03:58.638 application=api_v2 request_id=F-qrA2Yk3dKpcLIAAbKk [info] Sent 200 in 119ms on GET /api/v2/addresses/0x08e0e9643aB61C87D971288Be9276A6aA95e53a3/transactions?
2024-08-11T12:04:01.001 application=api_v2 request_id=F-qrA_jSj6u3Nb8AAb4D [info] Sent 200 in 22ms on GET /api/v2/smart-contracts/0x08e0e9643aB61C87D971288Be9276A6aA95e53a3?
2024-08-11T12:04:04.198 application=api_v2 request_id=F-qq_sL8fCAywd4AAcwh [info] Sent 200 in 25597ms on GET /api/v2/addresses/0x08e0e9643aB61C87D971288Be9276A6aA95e53a3/logs?
2024-08-11T12:04:19.616 application=api_v2 request_id=F-qrCEktmNuI6rkAAe2B [info] Sent 200 in 110ms on GET /api/v2/addresses/0xa1dfe8536732eb98bbca36a7f97c72e3395eab8e/tabs-counters?
2024-08-11T12:04:19.619 application=api_v2 request_id=F-qrCEpwUgsfUXkAAcVD [info] Sent 200 in 90ms on GET /api/v2/addresses/0xa1dfe8536732eb98bbca36a7f97c72e3395eab8e/transactions?
2024-08-11T12:04:19.681 application=api_v2 request_id=F-qrCEkhxgDUT_sAAcUj [info] Sent 200 in 175ms on GET /api/v2/addresses/0xa1dfe8536732eb98bbca36a7f97c72e3395eab8e?
2024-08-11T12:04:19.715 application=api_v2 request_id=F-qrCFVkRzLlXKgAAcVj [info] Sent 200 in 3ms on GET /api/v2/addresses/0xa1dfe8536732eb98bbca36a7f97c72e3395eab8e/counters?
2024-08-11T12:04:20.543 application=api_v2 request_id=F-qrCIZ_-Qpv3rwAAcWD [info] Sent 200 in 8ms on GET /api/v2/stats?
2024-08-11T12:04:23.099 application=api_v2 request_id=F-qrCRMLxni5IVIAAWfi [info] Sent 200 in 203ms on GET /api/v2/smart-contracts/0xA1DFe8536732EB98BBCA36A7f97C72e3395EaB8E?
2024-08-11T12:04:28.985 application=api_v2 request_id=F-qrCn4YW4rV1eQAAWDo [info] Sent 200 in 770µs on GET /api/v2/main-page/indexing-status?
2024-08-11T12:04:29.008 application=api_v2 request_id=F-qrCn253ha7b3EAAWDI [info] Sent 200 in 29ms on GET /api/v2/stats?
2024-08-11T12:04:29.029 application=api_v2 request_id=F-qrCoC2FOxZqS4AAb4k [info] Sent 200 in 435µs on GET /api/v2/config/backend-version?
2024-08-11T12:04:29.132 application=api_v2 request_id=F-qrCn8yLoOy1cUAAb4E [info] Sent 200 in 128ms on GET /api/v2/smart-contracts/0xA1DFe8536732EB98BBCA36A7f97C72e3395EaB8E?
2024-08-11T12:04:29.358 application=api_v2 request_id=F-qrCoC1aDzoYJwAAWmi [info] Sent 200 in 329ms on GET /api/v2/smart-contracts/verification/config?
2024-08-11T12:04:52.098 application=api_v2 request_id=F-qrD964wRRocEIAAc1E [info] Sent 200 in 17ms on GET /api/v2/stats?
2024-08-11T12:05:23.097 application=api_v2 request_id=F-qrFxarAzmZN-sAAbWH [info] Sent 200 in 12ms on GET /api/v2/stats?
2024-08-11T12:05:54.088 application=api_v2 request_id=F-qrHk4mEWuTBbIAAcCH [info] Sent 200 in 7ms on GET /api/v2/stats?
2024-08-11T12:06:25.088 application=api_v2 request_id=F-qrJYXZF2oXExwAAgMk [info] Sent 200 in 8ms on GET /api/v2/stats?
2024-08-11T12:06:56.095 application=api_v2 request_id=F-qrLL25QZBfIagAAhVk [info] Sent 200 in 14ms on GET /api/v2/stats?
2024-08-11T12:07:18.303 application=api_v2 request_id=F-qrMee-AyxGJoUAAjdB [info] Sent 200 in 28ms on GET /api/v2/stats?
2024-08-11T12:07:18.362 application=api_v2 request_id=F-qrMeew7g0yunwAAidE [info] Sent 200 in 88ms on GET /api/v2/transactions/stats?
2024-08-11T12:07:18.843 application=api_v2 request_id=F-qrMeh2envwLpwAAgHG [info] Sent 200 in 566ms on GET /api/v2/transactions?filter=validated
2024-08-11T12:07:27.006 application=api_v2 request_id=F-qrM_BcIuURo5IAAjyB [info] Sent 200 in 10ms on GET /api/v2/stats?
2024-08-11T12:07:57.915 application=api_v2 request_id=F-qrOyKAWAH-OYYAAhom [info] Sent 200 in 12ms on GET /api/v2/stats?
2024-08-11T12:08:17.212 application=api_v2 request_id=F-qrP6Fk_PsXZ_sAAgZn [info] Sent 200 in 2ms on GET /api/v2/config/backend-version?
2024-08-11T12:08:17.213 application=api_v2 request_id=F-qrP6FZLd_9J2sAAipl [info] Sent 200 in 2ms on GET /api/v2/main-page/indexing-status?
2024-08-11T12:08:17.292 application=api_v2 request_id=F-qrP6D9GCRxjIIAAbEi [info] Sent 200 in 83ms on GET /api/v2/stats?
2024-08-11T12:08:17.500 application=api_v2 request_id=F-qrP7G4VjtKbE4AAigD [info] Sent 200 in 15ms on GET /api/v2/transactions/stats?
2024-08-11T12:08:17.740 application=api_v2 request_id=F-qrP7PlfuHAjF8AAigj [info] Sent 200 in 219ms on GET /api/v2/transactions?filter=validated
2024-08-11T12:08:29.402 application=api_v2 request_id=F-qrQnfZmzwTDCYAAjFj [info] Sent 200 in 4ms on GET /api/v2/stats?
2024-08-11T12:09:00.126 application=api_v2 request_id=F-qrSZ4356J-HyEAAkED [info] Sent 200 in 14ms on GET /api/v2/stats?
2024-08-11T12:09:31.074 application=api_v2 request_id=F-qrUNOjKcjErU8AAlLD [info] Sent 200 in 5ms on GET /api/v2/stats?
2024-08-11T12:10:02.196 application=api_v2 request_id=F-qrWBIUN98iD2YAAmQj [info] Sent 200 in 14ms on GET /api/v2/stats?
2024-08-11T12:10:22.977 application=api_v2 request_id=F-qrXOmNNLt048QAAmhj [info] Sent 200 in 1ms on GET /api/v2/main-page/indexing-status?
2024-08-11T12:10:22.978 application=api_v2 request_id=F-qrXOmu1fLhUDcAAm2F [info] Sent 200 in 620µs on GET /api/v2/config/backend-version?
2024-08-11T12:10:22.988 application=api_v2 request_id=F-qrXOlYiDIuuq8AAk_n [info] Sent 200 in 16ms on GET /api/v2/stats?
2024-08-11T12:10:23.243 application=api_v2 request_id=F-qrXPf6gw8EdFEAAoMB [info] Sent 200 in 26ms on GET /api/v2/transactions/stats?
2024-08-11T12:10:23.590 application=api_v2 request_id=F-qrXPqrKAcfol4AAoMh [info] Sent 200 in 327ms on GET /api/v2/transactions?filter=validated
2024-08-11T12:10:34.108 application=api_v2 request_id=F-qrX39ZantyCvoAAoXB [info] Sent 200 in 29ms on GET /api/v2/stats?
2024-08-11T12:11:05.081 application=api_v2 request_id=F-qrZrcPs-0OvOEAApDB [info] Sent 200 in 11ms on GET /api/v2/stats?
2024-08-11T12:11:36.136 application=api_v2 request_id=F-qrbe7_cQ7Ce78AApEF [info] Sent 200 in 45ms on GET /api/v2/stats?
2024-08-11T12:12:02.577 application=api_v2 request_id=F-qrdBYOVh-zlFkAArhh [info] Sent 200 in 70ms on GET /api/v2/transactions?filter=pending
2024-08-11T12:12:04.707 application=api_v2 request_id=F-qrdIiJnOJd9VkAAgto [info] Sent 200 in 281ms on GET /api/v2/transactions?filter=validated
2024-08-11T12:12:05.776 application=api_v2 request_id=F-qrdNVZ2VJJjocAArqB [info] Sent 200 in 61ms on GET /api/v2/transactions?filter=pending
2024-08-11T12:12:06.504 application=api_v2 request_id=F-qrdQNheeL4O4oAAgvI [info] Sent 200 in 17ms on GET /api/v2/stats?
2024-08-11T12:12:26.405 application=api_v2 request_id=F-qreZ-Jl-u7tBsAAsJB [info] Sent 200 in 116ms on GET /api/v2/transactions/0x1f9bff1bbaa92bae4358c0d3516b6279eb8e0bf0df92ae9aebdaa0c05378cb64?
2024-08-11T12:12:32.264 application=api_v2 request_id=F-qrewNwPcZXe5oAAsTB [info] Sent 200 in 6ms on GET /api/v2/stats?
2024-08-11T12:12:32.269 application=api_v2 request_id=F-qrewNwPZzppNYAAhvo [info] Sent 200 in 11ms on GET /api/v2/transactions/stats?
2024-08-11T12:12:32.497 application=api_v2 request_id=F-qrewV6vLp6Pu8AAieC [info] Sent 200 in 205ms on GET /api/v2/transactions?filter=validated
2024-08-11T12:12:33.593 application=api_v2 request_id=F-qre1KcSwiRURkAAh5o [info] Sent 200 in 8ms on GET /api/v2/stats?
2024-08-11T12:12:33.669 application=api_v2 request_id=F-qre0qE9kqysJkAAsdB [info] Sent 200 in 219ms on GET /api/v2/blocks?type=block
2024-08-11T12:12:37.558 application=api_v2 request_id=F-qrfD8hk0A2OOUAAiki [info] Sent 200 in 4ms on GET /api/v2/stats?
2024-08-11T12:12:39.054 application=api_v2 request_id=F-qrfH_9_Bgn9i8AAswB [info] Sent 200 in 412ms on GET /api/v2/blocks?type=reorg
2024-08-11T12:12:40.687 application=api_v2 request_id=F-qrfPeBDVa5HHkAAiKo [info] Sent 200 in 39ms on GET /api/v2/blocks?type=block
2024-08-11T12:12:48.612 application=api_v2 request_id=F-qrfsEfww_PNR0AAp3l [info] Sent 200 in 287ms on GET /api/v2/blocks?block_number=642&items_count=50&type=block
2024-08-11T12:12:49.272 application=api_v2 request_id=F-qrfvJnP9esEwUAAioI [info] Sent 200 in 121ms on GET /api/v2/blocks?block_number=592&items_count=100&type=block
2024-08-11T12:12:50.128 application=api_v2 request_id=F-qrfyRkgAhYk_4AAtFh [info] Sent 200 in 138ms on GET /api/v2/blocks?block_number=542&items_count=150&type=block
2024-08-11T12:12:50.769 application=api_v2 request_id=F-qrf0wFZfKuWb0AAtGh [info] Sent 200 in 114ms on GET /api/v2/blocks?block_number=492&items_count=200&type=block
2024-08-11T12:12:51.427 application=api_v2 request_id=F-qrf3IF8426hoAAAtHB [info] Sent 200 in 135ms on GET /api/v2/blocks?block_number=442&items_count=250&type=block
2024-08-11T12:12:51.939 application=api_v2 request_id=F-qrf5aWlvSE2CkAAtHh [info] Sent 200 in 33ms on GET /api/v2/blocks?block_number=392&items_count=300&type=block
2024-08-11T12:12:52.512 application=api_v2 request_id=F-qrf7mUX4ApfPIAAtIh [info] Sent 200 in 19ms on GET /api/v2/blocks?block_number=342&items_count=350&type=block
2024-08-11T12:12:53.132 application=api_v2 request_id=F-qrf91fPtH4zOIAAoin [info] Sent 200 in 39ms on GET /api/v2/blocks?block_number=292&items_count=400&type=block
2024-08-11T12:12:54.633 application=api_v2 request_id=F-qrgDPawnqKaaQAAoon [info] Sent 200 in 88ms on GET /api/v2/blocks?block_number=242&items_count=450&type=block
2024-08-11T12:12:56.074 application=api_v2 request_id=F-qrgIm2B6zokW0AAi3o [info] Sent 200 in 88ms on GET /api/v2/blocks?block_number=192&items_count=500&type=block
2024-08-11T12:12:57.423 application=api_v2 request_id=F-qrgNAslH1i-4cAAi5I [info] Sent 200 in 255ms on GET /api/v2/blocks?block_number=142&items_count=550&type=block
2024-08-11T12:12:58.164 application=api_v2 request_id=F-qrgQLHH8aZDUAAAp6l [info] Sent 200 in 147ms on GET /api/v2/blocks?block_number=92&items_count=600&type=block
2024-08-11T12:12:58.918 application=api_v2 request_id=F-qrgS70-1d23_EAAp7F [info] Sent 200 in 160ms on GET /api/v2/blocks?block_number=42&items_count=650&type=block
2024-08-11T12:13:08.633 application=api_v2 request_id=F-qrg3n03ZOClqAAAjPI [info] Sent 200 in 17ms on GET /api/v2/stats?
2024-08-11T12:13:11.310 application=api_v2 request_id=F-qrhBh4VftlHXIAAjQI [info] Sent 200 in 43ms on GET /api/v2/blocks/1?
2024-08-11T12:15:58.141 application=api_v2 request_id=F-qrqvOq7NwoJMwAADCh [info] Sent 200 in 2ms on GET /api/v2/main-page/indexing-status?
2024-08-11T12:15:58.187 application=api_v2 request_id=F-qrqvXK-TqOy4sAADBD [info] Sent 200 in 910µs on GET /api/v2/config/backend-version?
2024-08-11T12:15:58.257 application=api_v2 request_id=F-qrqvO7nVIhrhcAABrH [info] Sent 200 in 117ms on GET /api/v2/stats/charts/transactions?
2024-08-11T12:15:58.732 application=api_v2 request_id=F-qrqvPpOcG1O3gAADim [info] Sent 200 in 590ms on GET /api/v2/main-page/blocks?
2024-08-11T12:15:59.390 application=api_v2 request_id=F-qrqvVs6P2KhfMAACjI [info] Sent 200 in 1210ms on GET /api/v2/main-page/transactions?
2024-08-11T12:15:59.953 application=api_v2 request_id=F-qrqvNFENrXlvYAADiG [info] Sent 200 in 1818ms on GET /api/v2/stats?
2024-08-11T12:19:05.215 application=api_v2 request_id=F-qr1oIp0c0_FvsAAIVk [info] Sent 200 in 1ms on GET /api/v2/main-page/indexing-status?
2024-08-11T12:19:05.635 application=api_v2 request_id=F-qr1pq6BWxs2XEAAIWE [info] Sent 200 in 11ms on GET /api/v2/blocks?type=block
2024-08-11T12:19:05.824 application=api_v2 request_id=F-qr1qW_axcl5vsAAIWk [info] Sent 200 in 15ms on GET /api/v2/stats?
2024-08-11T12:19:10.353 application=api_v2 request_id=F-qr17QcxPAj1pkAAKvB [info] Sent 200 in 8ms on GET /api/v2/stats?
2024-08-11T12:19:10.354 application=api_v2 request_id=F-qr17Sq8HLOwWQAAIdk [info] Sent 200 in 408µs on GET /api/v2/main-page/indexing-status?
2024-08-11T12:19:10.368 application=api_v2 request_id=F-qr17V_NzikmR4AAIek [info] Sent 200 in 208µs on GET /api/v2/config/backend-version?
2024-08-11T12:19:10.440 application=api_v2 request_id=F-qr17S1RaFqKAMAAKkl [info] Sent 200 in 85ms on GET /api/v2/stats/charts/transactions?
2024-08-11T12:19:10.465 application=api_v2 request_id=F-qr17TgSDXylvMAAIeE [info] Sent 200 in 108ms on GET /api/v2/main-page/blocks?
2024-08-11T12:19:10.596 application=api_v2 request_id=F-qr17Vtbvn0ErQAAKvh [info] Sent 200 in 229ms on GET /api/v2/main-page/transactions?
2024-08-11T12:19:36.350 application=api_v2 request_id=F-qr3cFpAUKRlsYAALdB [info] Sent 200 in 12ms on GET /api/v2/stats?
2024-08-11T12:20:08.089 application=api_v2 request_id=F-qr5SUHY2NH83YAAJpE [info] Sent 200 in 14ms on GET /api/v2/stats?
2024-08-11T12:20:39.082 application=api_v2 request_id=F-qr7FykzC4tO6YAAKrE [info] Sent 200 in 9ms on GET /api/v2/stats?
2024-08-11T12:21:10.113 application=api_v2 request_id=F-qr85X8BNDijn0AAOuh [info] Sent 200 in 14ms on GET /api/v2/stats?
2024-08-11T12:21:41.078 application=api_v2 request_id=F-qr-sv1A8oajG8AAPvh [info] Sent 200 in 8ms on GET /api/v2/stats?
2024-08-11T12:22:12.083 application=api_v2 request_id=F-qsAgP7hlipp1cAAQmh [info] Sent 200 in 10ms on GET /api/v2/stats?
2024-08-11T12:22:43.075 application=api_v2 request_id=F-qsCTuIMFtxtBwAANmH [info] Sent 200 in 6ms on GET /api/v2/stats?
2024-08-11T12:23:14.086 application=api_v2 request_id=F-qsEHOFWyWMP7oAAS8h [info] Sent 200 in 11ms on GET /api/v2/stats?
2024-08-11T12:23:45.091 application=api_v2 request_id=F-qsF6s-s6F2GTkAARFk [info] Sent 200 in 15ms on GET /api/v2/stats?
2024-08-11T12:24:16.103 application=api_v2 request_id=F-qsHuN6r_ZWaoUAAVNB [info] Sent 200 in 17ms on GET /api/v2/stats?
2024-08-11T12:24:48.100 application=api_v2 request_id=F-qsJlb6JJ6upJoAAWAh [info] Sent 200 in 10ms on GET /api/v2/stats?
2024-08-11T12:25:18.419 application=api_v2 request_id=F-qsLV-qka5YBjYAATjk [info] Sent 200 in 119ms on GET /api/v2/stats?
2024-08-11T12:25:50.075 application=api_v2 request_id=F-qsNMV61XDQuc8AAUYE [info] Sent 200 in 7ms on GET /api/v2/stats?
2024-08-11T12:26:21.089 application=api_v2 request_id=F-qsO_3nM1n5dmMAAYBh [info] Sent 200 in 9ms on GET /api/v2/stats?
2024-08-11T12:26:52.081 application=api_v2 request_id=F-qsQzVH9R-kvogAAXAm [info] Sent 200 in 9ms on GET /api/v2/stats?
2024-08-11T12:27:22.441 application=api_v2 request_id=F-qsSkbeap27n28AAXok [info] Sent 200 in 8ms on GET /api/v2/stats?
2024-08-11T12:27:54.083 application=api_v2 request_id=F-qsUaTZj4HKQ2oAAYYk [info] Sent 200 in 9ms on GET /api/v2/stats?
2024-08-11T12:28:25.091 application=api_v2 request_id=F-qsWNyrfR-WXBAAAZik [info] Sent 200 in 15ms on GET /api/v2/stats?
2024-08-11T12:28:56.088 application=api_v2 request_id=F-qsYBRVo_Opkd8AAdhB [info] Sent 200 in 13ms on GET /api/v2/stats?
2024-08-11T12:29:27.080 application=api_v2 request_id=F-qsZ0v_dyGJ3DsAAbOE [info] Sent 200 in 6ms on GET /api/v2/stats?
2024-08-11T12:29:58.077 application=api_v2 request_id=F-qsboOQ4sDjybQAAezh [info] Sent 200 in 7ms on GET /api/v2/stats?
2024-08-11T12:30:29.088 application=api_v2 request_id=F-qsdbt27-X7HqsAAgVB [info] Sent 200 in 14ms on GET /api/v2/stats?
2024-08-11T12:31:01.078 application=api_v2 request_id=F-qsfS6zVY9QvVoAAdeE [info] Sent 200 in 12ms on GET /api/v2/stats?
2024-08-11T12:31:32.073 application=api_v2 request_id=F-qshGV-xtyh1yoAAhuh [info] Sent 200 in 11ms on GET /api/v2/stats?
2024-08-11T12:32:03.093 application=api_v2 request_id=F-qsi51cx0wGrosAAiyh [info] Sent 200 in 31ms on GET /api/v2/stats?
2024-08-11T12:32:34.080 application=api_v2 request_id=F-qsktU0p4mjVgcAAkXB [info] Sent 200 in 15ms on GET /api/v2/stats?
2024-08-11T12:33:05.070 application=api_v2 request_id=F-qsmgz2kjLPmfIAAlWB [info] Sent 200 in 4ms on GET /api/v2/stats?
2024-08-11T12:33:36.073 application=api_v2 request_id=F-qsoUTbWlAjU6AAAmfB [info] Sent 200 in 5ms on GET /api/v2/stats?
2024-08-11T12:34:07.071 application=api_v2 request_id=F-qsqHyKN9tNYbgAAnrB [info] Sent 200 in 4ms on GET /api/v2/stats?
2024-08-11T12:34:38.075 application=api_v2 request_id=F-qsr7Q1SWTdBbYAAoih [info] Sent 200 in 9ms on GET /api/v2/stats?
2024-08-11T12:35:09.067 application=api_v2 request_id=F-qstuvEGqtGt_IAApnB [info] Sent 200 in 6ms on GET /api/v2/stats?
2024-08-11T12:35:40.080 application=api_v2 request_id=F-qsviOyJTnVfikAAqYB [info] Sent 200 in 7ms on GET /api/v2/stats?
2024-08-11T12:36:11.091 application=api_v2 request_id=F-qsxVuXDg1YtPwAAm7E [info] Sent 200 in 23ms on GET /api/v2/stats?
2024-08-11T12:36:42.073 application=api_v2 request_id=F-qszJMcplMERu0AAsqi [info] Sent 200 in 9ms on GET /api/v2/stats?
2024-08-11T12:37:14.074 application=api_v2 request_id=F-qs1AaWmVC5T94AAuFB [info] Sent 200 in 9ms on GET /api/v2/stats?
2024-08-11T12:37:45.071 application=api_v2 request_id=F-qs2z5PTebm_lIAAvYh [info] Sent 200 in 6ms on GET /api/v2/stats?
2024-08-11T12:38:16.072 application=api_v2 request_id=F-qs4nYZvD97UM4AAwlh [info] Sent 200 in 6ms on GET /api/v2/stats?
2024-08-11T12:38:47.085 application=api_v2 request_id=F-qs6a3TADjfskIAAuWH [info] Sent 200 in 19ms on GET /api/v2/stats?
2024-08-11T12:39:18.261 application=api_v2 request_id=F-qs8PC6v0ibMVAAAx0B [info] Sent 200 in 7ms on GET /api/v2/stats?
2024-08-11T12:39:49.074 application=api_v2 request_id=F-qs-B0AB17AtNIAAy6h [info] Sent 200 in 13ms on GET /api/v2/stats?
2024-08-11T12:40:20.101 application=api_v2 request_id=F-qs_1UJ9zSNdxoAAxWH [info] Sent 200 in 33ms on GET /api/v2/stats?
2024-08-11T12:40:51.110 application=api_v2 request_id=F-qtBo2iE9j9cRAAAysj [info] Sent 200 in 29ms on GET /api/v2/stats?
2024-08-11T12:41:22.081 application=api_v2 request_id=F-qtDcSXYKoLgwQAA0aj [info] Sent 200 in 14ms on GET /api/v2/stats?
2024-08-11T12:41:53.075 application=api_v2 request_id=F-qtFPyFxy4Nsb0AA5Ql [info] Sent 200 in 6ms on GET /api/v2/stats?
2024-08-11T12:42:24.085 application=api_v2 request_id=F-qtHDTdAFUKn4IAA6Bl [info] Sent 200 in 5ms on GET /api/v2/stats?
2024-08-11T12:42:56.070 application=api_v2 request_id=F-qtI6cSmcovHAAAA7Al [info] Sent 200 in 9ms on GET /api/v2/stats?
2024-08-11T12:43:27.092 application=api_v2 request_id=F-qtKuAQAWs4AiUAA7lF [info] Sent 200 in 8ms on GET /api/v2/stats?
2024-08-11T12:43:58.078 application=api_v2 request_id=F-qtMhbUyii6RKUAAznm [info] Sent 200 in 13ms on GET /api/v2/stats?
2024-08-11T12:44:29.095 application=api_v2 request_id=F-qtOU7M5WDyBD4AA3pn [info] Sent 200 in 26ms on GET /api/v2/stats?
2024-08-11T12:45:00.081 application=api_v2 request_id=F-qtQIar4R2haiQAA-3F [info] Sent 200 in 10ms on GET /api/v2/stats?
2024-08-11T12:45:31.070 application=api_v2 request_id=F-qtR73fAMKON7MAA2bm [info] Sent 200 in 9ms on GET /api/v2/stats?
2024-08-11T12:46:02.077 application=api_v2 request_id=F-qtTvXbncmKATwAA_Dj [info] Sent 200 in 12ms on GET /api/v2/stats?
2024-08-11T12:46:33.064 application=api_v2 request_id=F-qtVi1BtkLCjDAAA4Om [info] Sent 200 in 5ms on GET /api/v2/stats?
2024-08-11T12:47:04.076 application=api_v2 request_id=F-qtXWV5w-tWKosABDPl [info] Sent 200 in 8ms on GET /api/v2/stats?
2024-08-11T12:47:35.067 application=api_v2 request_id=F-qtZJz4H1Ty4qIAA6Gm [info] Sent 200 in 4ms on GET /api/v2/stats?
2024-08-11T12:48:06.064 application=api_v2 request_id=F-qta9SEaKn_PsYAA7CG [info] Sent 200 in 4ms on GET /api/v2/stats?
2024-08-11T12:48:38.071 application=api_v2 request_id=F-qtc0gGpGrUzLwAA8gG [info] Sent 200 in 10ms on GET /api/v2/stats?
2024-08-11T12:49:09.069 application=api_v2 request_id=F-qten_3hlmjqTAAA96m [info] Sent 200 in 3ms on GET /api/v2/stats?
2024-08-11T12:49:40.062 application=api_v2 request_id=F-qtgbdNNXyqW5EABGgF [info] Sent 200 in 3ms on GET /api/v2/stats?
2024-08-11T12:50:11.075 application=api_v2 request_id=F-qtiO99dO_TE_AABG_F [info] Sent 200 in 8ms on GET /api/v2/stats?
2024-08-11T12:50:31.679 application=api_v2 request_id=F-qtjbu8mYcOOzwABHcF [info] Sent 200 in 6ms on GET /api/v2/stats?
2024-08-11T12:50:31.684 application=api_v2 request_id=F-qtjbxKCbK0xk4ABHcl [info] Sent 200 in 1ms on GET /api/v2/main-page/indexing-status?
2024-08-11T12:50:31.717 application=api_v2 request_id=F-qtjb4yUV_RipEABARm [info] Sent 200 in 2ms on GET /api/v2/config/backend-version?
2024-08-11T12:50:31.727 application=api_v2 request_id=F-qtjbxxpikSU5YABARG [info] Sent 200 in 42ms on GET /api/v2/main-page/blocks?
2024-08-11T12:50:31.732 application=api_v2 request_id=F-qtjbx0I17se9UABHdF [info] Sent 200 in 48ms on GET /api/v2/stats/charts/transactions?
2024-08-11T12:50:31.958 application=api_v2 request_id=F-qtjb5PfCt3iccABASG [info] Sent 200 in 243ms on GET /api/v2/main-page/transactions?
2024-08-11T12:50:42.080 application=api_v2 request_id=F-qtkCc7Bx-1MSkABH3F [info] Sent 200 in 13ms on GET /api/v2/stats?
2024-08-11T12:51:13.072 application=api_v2 request_id=F-qtl17upnHkJQQABBbG [info] Sent 200 in 7ms on GET /api/v2/stats?
2024-08-11T12:51:44.078 application=api_v2 request_id=F-qtnpbLRtNABy4ABCEm [info] Sent 200 in 11ms on GET /api/v2/stats?
2024-08-11T12:52:15.072 application=api_v2 request_id=F-qtpc6C1u1POX8ABCcm [info] Sent 200 in 6ms on GET /api/v2/stats?
2024-08-11T12:52:46.072 application=api_v2 request_id=F-qtrQYX0QcDxmcABKbB [info] Sent 200 in 7ms on GET /api/v2/stats?
2024-08-11T12:54:55.636 application=api_v2 request_id=F-qtyeCJREJZaiUAAFPF [info] Sent 200 in 5645ms on GET /api/v2/stats?
2024-08-11T12:55:02.361 application=api_v2 request_id=F-qtzLzJiM7XCBMAAJIm [info] Sent 200 in 9ms on GET /api/v2/stats?
2024-08-11T12:55:02.401 application=api_v2 request_id=F-qtzL10dxuFUz4AAHnl [info] Sent 200 in 115ms on GET /api/v2/stats/charts/transactions?
2024-08-11T12:55:02.403 application=api_v2 request_id=F-qtzL6EloQRi5AAAHqF [info] Sent 200 in 1ms on GET /api/v2/config/backend-version?
2024-08-11T12:55:02.548 application=api_v2 request_id=F-qtzL2GLhmcKPcAAHoF [info] Sent 200 in 261ms on GET /api/v2/main-page/indexing-status?
2024-08-11T12:55:03.119 application=api_v2 request_id=F-qtzL5Ksl6DhiQAAHpl [info] Sent 200 in 718ms on GET /api/v2/main-page/transactions?
2024-08-11T12:55:03.187 application=api_v2 request_id=F-qtzL3WNg7QmTgAAHpF [info] Sent 200 in 736ms on GET /api/v2/main-page/blocks?
2024-08-11T12:55:35.084 application=api_v2 request_id=F-qt1F8fD8shE7gAAOjl [info] Sent 200 in 21ms on GET /api/v2/stats?
2024-08-11T14:00:55.907 application=api_v2 request_id=F-qxZUGOfB4TaL8ACRqC [info] Sent 200 in 766µs on GET /api/v2/config/backend-version?
2024-08-11T14:00:55.983 application=api_v2 request_id=F-qxZUDsYEeZek0ACedh [info] Sent 200 in 80ms on GET /api/v2/stats/charts/transactions?
2024-08-11T14:00:56.112 application=api_v2 request_id=F-qxZUCpO1BkYv4ABb3k [info] Sent 200 in 209ms on GET /api/v2/main-page/indexing-status?
2024-08-11T14:00:56.443 application=api_v2 request_id=F-qxZUGO1U-ytowAAm_m [info] Sent 200 in 540ms on GET /api/v2/main-page/transactions?
2024-08-11T14:00:56.837 application=api_v2 request_id=F-qxZUEMVRvaEf8AAm_G [info] Sent 200 in 934ms on GET /api/v2/main-page/blocks?
2024-08-11T14:00:59.322 application=api_v2 request_id=F-qxZUAmWPdjvYgACRpC [info] Sent 200 in 3473ms on GET /api/v2/stats?
2024-08-11T14:01:09.167 application=api_v2 request_id=F-qxaFmE6iYoR5UACZoi [info] Sent 200 in 8ms on GET /api/v2/stats/charts/transactions?
2024-08-11T14:01:09.179 application=api_v2 request_id=F-qxaFUi-tH3r5EABiak [info] Sent 200 in 3ms on GET /api/v2/stats?
2024-08-11T14:01:09.212 application=api_v2 request_id=F-qxaFy85pVDjUsABick [info] Sent 200 in 120µs on GET /api/v2/config/backend-version?
2024-08-11T14:01:09.219 application=api_v2 request_id=F-qxaFozBr7Y6ZcABibE [info] Sent 200 in 25ms on GET /api/v2/main-page/blocks?
2024-08-11T14:01:09.332 application=api_v2 request_id=F-qxaFdXe1qs1bUACZni [info] Sent 200 in 165ms on GET /api/v2/main-page/indexing-status?
2024-08-11T14:01:09.441 application=api_v2 request_id=F-qxaFutKANaRDoABicE [info] Sent 200 in 246ms on GET /api/v2/main-page/transactions?
2024-08-11T14:01:20.184 application=api_v2 request_id=F-qxaui33BQIylgACf8C [info] Sent 200 in 33ms on GET /api/v2/main-page/indexing-status?
2024-08-11T14:01:20.349 application=api_v2 request_id=F-qxautIOq3uMm4ACtOB [info] Sent 200 in 125ms on GET /api/v2/transactions/0x46185084aafcf1f0b607bcb83763cfa6d9156a49309362f8ebe68ef41880528e?
2024-08-11T14:01:27.843 application=api_v2 request_id=F-qxbKu-0qVquw8ABQGl [info] Sent 200 in 101ms on GET /api/v2/addresses/0xd330Bf59593050B083b5BaCed35ae29021457042/tabs-counters?
2024-08-11T14:01:27.939 application=api_v2 request_id=F-qxbKu_dRQqAVIAC0hB [info] Sent 200 in 196ms on GET /api/v2/addresses/0xd330Bf59593050B083b5BaCed35ae29021457042/transactions?
2024-08-11T14:01:28.103 application=api_v2 request_id=F-qxbKu_oQY98-4ABosE [info] Sent 200 in 361ms on GET /api/v2/addresses/0xd330Bf59593050B083b5BaCed35ae29021457042?
2024-08-11T14:01:28.175 application=api_v2 request_id=F-qxbMVXuPfPFsIAC0qB [info] Sent 200 in 3ms on GET /api/v2/addresses/0xd330Bf59593050B083b5BaCed35ae29021457042/counters?
2024-08-11T14:01:41.241 application=api_v2 request_id=F-qxb8_CPdhwOgUAC_6B [info] Sent 200 in 9ms on GET /api/v2/stats?
2024-08-11T14:01:58.070 application=api_v2 request_id=F-qxc7wBUyB_oeQAC2RC [info] Sent 200 in 8ms on GET /api/v2/stats?
2024-08-11T14:02:14.543 application=api_v2 request_id=F-qxd4f7CP2UuYsAC_tC [info] Sent 200 in 139ms on GET /api/v2/addresses/?
2024-08-11T14:02:29.558 application=api_v2 request_id=F-qxewrIzMOntGsADdYh [info] Sent 200 in 45ms on GET /api/v2/stats?
2024-08-11T14:03:01.114 application=api_v2 request_id=F-qxgmh1lHOezrgAC1Mj [info] Sent 200 in 28ms on GET /api/v2/stats?
2024-08-11T14:03:32.149 application=api_v2 request_id=F-qxiZ_j9bAz9VUADJBD [info] Sent 200 in 39ms on GET /api/v2/stats?
2024-08-11T14:04:03.091 application=api_v2 request_id=F-qxkNewEY-H98oADVaD [info] Sent 200 in 9ms on GET /api/v2/stats?
2024-08-11T14:04:34.092 application=api_v2 request_id=F-qxmA-EOVSKw2cAEl8h [info] Sent 200 in 9ms on GET /api/v2/stats?
2024-08-11T14:05:05.164 application=api_v2 request_id=F-qxn0d5oSO-7TUACHNl [info] Sent 200 in 46ms on GET /api/v2/stats?
2024-08-11T14:05:36.131 application=api_v2 request_id=F-qxpn7VmX1-WekAFQJB [info] Sent 200 in 31ms on GET /api/v2/stats?
2024-08-11T14:06:07.130 application=api_v2 request_id=F-qxrbddHj8p_1sAETij [info] Sent 200 in 9ms on GET /api/v2/stats?
2024-08-11T14:06:38.156 application=api_v2 request_id=F-qxtO5dPWr9OZMAFIUi [info] Sent 200 in 34ms on GET /api/v2/stats?
2024-08-11T14:07:09.167 application=api_v2 request_id=F-qxvCYQKv-aWnUABTrG [info] Sent 200 in 53ms on GET /api/v2/stats?
2024-08-11T14:07:40.088 application=api_v2 request_id=F-qxw13JJ9lUk0sAFuwi [info] Sent 200 in 7ms on GET /api/v2/stats?
2024-08-11T14:08:11.150 application=api_v2 request_id=F-qxypWVh0SN9T4AGCVC [info] Sent 200 in 36ms on GET /api/v2/stats?
2024-08-11T14:08:42.152 application=api_v2 request_id=F-qx0c1ioBEUsNAAGP2i [info] Sent 200 in 39ms on GET /api/v2/stats?
2024-08-11T14:09:13.090 application=api_v2 request_id=F-qx2QUa_eapT9kAGihC [info] Sent 200 in 8ms on GET /api/v2/stats?
2024-08-11T14:09:44.087 application=api_v2 request_id=F-qx4Dy8a6qObPMAG01C [info] Sent 200 in 7ms on GET /api/v2/stats?
2024-08-11T14:10:15.122 application=api_v2 request_id=F-qx53R_0OjqWZYAHDaC [info] Sent 200 in 42ms on GET /api/v2/stats?
2024-08-11T14:10:46.092 application=api_v2 request_id=F-qx7qxhjRKHdFwAGZtj [info] Sent 200 in 9ms on GET /api/v2/stats?
2024-08-11T14:11:17.114 application=api_v2 request_id=F-qx9eP0e2jZpu0AHhZi [info] Sent 200 in 35ms on GET /api/v2/stats?
2024-08-11T14:11:48.106 application=api_v2 request_id=F-qx_RvShZyHWR0ADeCF [info] Sent 200 in 6ms on GET /api/v2/stats?
2024-08-11T14:12:19.112 application=api_v2 request_id=F-qyBFOCBZdvVg4AJROh [info] Sent 200 in 30ms on GET /api/v2/stats?
2024-08-11T14:12:50.095 application=api_v2 request_id=F-qyC4tdDcZk7bcAIWeC [info] Sent 200 in 11ms on GET /api/v2/stats?
2024-08-11T14:13:22.127 application=api_v2 request_id=F-qyEv632FxCOVYAD1al [info] Sent 200 in 44ms on GET /api/v2/stats?
2024-08-11T14:13:46.978 application=api_v2 request_id=F-qyGMdTdCF8RE0AD9UF [info] Sent 200 in 736µs on GET /api/v2/config/backend-version?
2024-08-11T14:13:46.993 application=api_v2 request_id=F-qyGMcUdlBdcuYAD9Tl [info] Sent 200 in 16ms on GET /api/v2/stats?
2024-08-11T14:13:47.164 application=api_v2 request_id=F-qyGMdUWm9cJVMAI1bC [info] Sent 200 in 187ms on GET /api/v2/main-page/indexing-status?
2024-08-11T14:13:47.528 application=api_v2 request_id=F-qyGM1tt-i8CJMAD9Ul [info] Sent 200 in 501ms on GET /api/v2/addresses/?
2024-08-11T14:13:52.099 application=api_v2 request_id=F-qyGft6ScLs3AkAHuoD [info] Sent 200 in 5ms on GET /api/v2/stats?
2024-08-11T14:14:23.160 application=api_v2 request_id=F-qyITUCapNDZjUAEDlF [info] Sent 200 in 36ms on GET /api/v2/stats?
2024-08-11T14:14:54.197 application=api_v2 request_id=F-qyKHCBiLCdOwwAEMHl [info] Sent 200 in 9ms on GET /api/v2/stats?
2024-08-11T14:15:25.219 application=api_v2 request_id=F-qyL6gFhf7q05QAK_TB [info] Sent 200 in 35ms on GET /api/v2/stats?
2024-08-11T14:15:57.094 application=api_v2 request_id=F-qyNxWa5yKNHnsAGqXE [info] Sent 200 in 7ms on GET /api/v2/stats?
2024-08-11T14:16:28.066 application=api_v2 request_id=F-qyPk0jalGR18UAG0Pk [info] Sent 200 in 9ms on GET /api/v2/stats?
2024-08-11T14:16:59.079 application=api_v2 request_id=F-qyRYPDuNy5BPkAKPSC [info] Sent 200 in 3ms on GET /api/v2/stats?
2024-08-11T14:17:30.053 application=api_v2 request_id=F-qyTLtauIquGu8AMGiB [info] Sent 200 in 7ms on GET /api/v2/stats?
2024-08-11T14:18:01.083 application=api_v2 request_id=F-qyU_M6ewKFcGUAKvLC [info] Sent 200 in 34ms on GET /api/v2/stats?
2024-08-11T14:18:32.054 application=api_v2 request_id=F-qyWysZ82zPFusAJyIj [info] Sent 200 in 4ms on GET /api/v2/stats?
2024-08-11T14:19:03.115 application=api_v2 request_id=F-qyYmKuU7ge9vAAJ-OD [info] Sent 200 in 39ms on GET /api/v2/stats?
2024-08-11T14:19:34.050 application=api_v2 request_id=F-qyaZpK08NL1_QALgUC [info] Sent 200 in 4ms on GET /api/v2/stats?
2024-08-11T14:20:05.122 application=api_v2 request_id=F-qycNI5zrd50UAAFQYF [info] Sent 200 in 48ms on GET /api/v2/stats?
2024-08-11T14:20:36.086 application=api_v2 request_id=F-qyeAnzzLo6DEMAOAuB [info] Sent 200 in 38ms on GET /api/v2/stats?
2024-08-11T14:21:07.072 application=api_v2 request_id=F-qyf0HIlKZlBFoAIc3E [info] Sent 200 in 22ms on GET /api/v2/stats?
2024-08-11T14:21:38.082 application=api_v2 request_id=F-qyhnmAr8EFWXEAMncC [info] Sent 200 in 4ms on GET /api/v2/stats?
2024-08-11T14:22:09.054 application=api_v2 request_id=F-qyjbEydHaV_xsAO60h [info] Sent 200 in 6ms on GET /api/v2/stats?
2024-08-11T14:22:40.058 application=api_v2 request_id=F-qylOkKxSvu_ioANIfi [info] Sent 200 in 8ms on GET /api/v2/stats?
2024-08-11T14:23:11.081 application=api_v2 request_id=F-qynCCrwIPpZh0ABbEH [info] Sent 200 in 34ms on GET /api/v2/stats?
