2024-08-11T06:33:19.887 application=explorer [info] tx/per day chart: collect records for txs per day stats
2024-08-11T06:33:19.887 application=explorer [info] tx/per day chart: earliest date 2024-08-02 00:00:00Z
2024-08-11T06:33:19.887 application=explorer [info] tx/per day chart: latest date 2024-08-02 23:59:59Z
2024-08-11T06:33:20.276 application=explorer [info] tx/per day chart: timestamp cannot be converted to min/max blocks, trying to find min/max blocks through a fallback option}
2024-08-11T06:33:20.308 application=explorer [warning] tx/per day chart: failed to get min/max blocks through a fallback option}
2024-08-11T06:33:20.308 application=explorer [info] tx/per day chart: collect records for txs per day stats
2024-08-11T06:33:20.308 application=explorer [info] tx/per day chart: earliest date 2024-08-03 00:00:00Z
2024-08-11T06:33:20.308 application=explorer [info] tx/per day chart: latest date 2024-08-03 23:59:59Z
2024-08-11T06:33:20.346 application=explorer [info] tx/per day chart: timestamp cannot be converted to min/max blocks, trying to find min/max blocks through a fallback option}
2024-08-11T06:33:20.380 application=explorer [warning] tx/per day chart: failed to get min/max blocks through a fallback option}
2024-08-11T06:33:20.380 application=explorer [info] tx/per day chart: collect records for txs per day stats
2024-08-11T06:33:20.381 application=explorer [info] tx/per day chart: earliest date 2024-08-04 00:00:00Z
2024-08-11T06:33:20.381 application=explorer [info] tx/per day chart: latest date 2024-08-04 23:59:59Z
2024-08-11T06:33:20.412 application=explorer [info] tx/per day chart: timestamp cannot be converted to min/max blocks, trying to find min/max blocks through a fallback option}
2024-08-11T06:33:20.440 application=explorer [warning] tx/per day chart: failed to get min/max blocks through a fallback option}
2024-08-11T06:33:20.440 application=explorer [info] tx/per day chart: collect records for txs per day stats
2024-08-11T06:33:20.440 application=explorer [info] tx/per day chart: earliest date 2024-08-05 00:00:00Z
2024-08-11T06:33:20.440 application=explorer [info] tx/per day chart: latest date 2024-08-05 23:59:59Z
2024-08-11T06:33:20.476 application=explorer [info] tx/per day chart: timestamp cannot be converted to min/max blocks, trying to find min/max blocks through a fallback option}
2024-08-11T06:33:20.565 application=explorer [warning] tx/per day chart: failed to get min/max blocks through a fallback option}
2024-08-11T06:33:20.565 application=explorer [info] tx/per day chart: collect records for txs per day stats
2024-08-11T06:33:20.566 application=explorer [info] tx/per day chart: earliest date 2024-08-06 00:00:00Z
2024-08-11T06:33:20.566 application=explorer [info] tx/per day chart: latest date 2024-08-06 23:59:59Z
2024-08-11T06:33:20.617 application=explorer [info] SanitizeIncorrectWETHTokenTransfers deletion of duplicates finished, continuing with deletion of not whitelisted weth transfers
2024-08-11T06:33:20.633 application=explorer [info] tx/per day chart: timestamp cannot be converted to min/max blocks, trying to find min/max blocks through a fallback option}
2024-08-11T06:33:20.660 application=explorer [info] SanitizeIncorrectNFTTokenTransfers deletion finished, continuing with blocks re-fetch
2024-08-11T06:33:20.679 application=explorer [warning] tx/per day chart: failed to get min/max blocks through a fallback option}
2024-08-11T06:33:20.679 application=explorer [info] tx/per day chart: collect records for txs per day stats
2024-08-11T06:33:20.680 application=explorer [info] tx/per day chart: earliest date 2024-08-07 00:00:00Z
2024-08-11T06:33:20.680 application=explorer [info] tx/per day chart: latest date 2024-08-07 23:59:59Z
2024-08-11T06:33:20.713 application=explorer [info] tx/per day chart: timestamp cannot be converted to min/max blocks, trying to find min/max blocks through a fallback option}
2024-08-11T06:33:20.736 application=explorer [info] SanitizeIncorrectNFTTokenTransfers migration finished
2024-08-11T06:33:20.742 application=explorer [warning] tx/per day chart: failed to get min/max blocks through a fallback option}
2024-08-11T06:33:20.742 application=explorer [info] tx/per day chart: collect records for txs per day stats
2024-08-11T06:33:20.742 application=explorer [info] tx/per day chart: earliest date 2024-08-08 00:00:00Z
2024-08-11T06:33:20.742 application=explorer [info] tx/per day chart: latest date 2024-08-08 23:59:59Z
2024-08-11T06:33:20.774 application=explorer [info] tx/per day chart: timestamp cannot be converted to min/max blocks, trying to find min/max blocks through a fallback option}
2024-08-11T06:33:20.806 application=explorer [warning] tx/per day chart: failed to get min/max blocks through a fallback option}
2024-08-11T06:33:20.806 application=explorer [info] tx/per day chart: collect records for txs per day stats
2024-08-11T06:33:20.806 application=explorer [info] tx/per day chart: earliest date 2024-08-09 00:00:00Z
2024-08-11T06:33:20.806 application=explorer [info] tx/per day chart: latest date 2024-08-09 23:59:59Z
2024-08-11T06:33:20.836 application=explorer [info] tx/per day chart: timestamp cannot be converted to min/max blocks, trying to find min/max blocks through a fallback option}
2024-08-11T06:33:20.853 application=explorer [warning] tx/per day chart: failed to get min/max blocks through a fallback option}
2024-08-11T06:33:20.853 application=explorer [info] tx/per day chart: collect records for txs per day stats
2024-08-11T06:33:20.853 application=explorer [info] tx/per day chart: earliest date 2024-08-10 00:00:00Z
2024-08-11T06:33:20.853 application=explorer [info] tx/per day chart: latest date 2024-08-10 23:59:59Z
2024-08-11T06:33:20.875 application=explorer [info] tx/per day chart: timestamp cannot be converted to min/max blocks, trying to find min/max blocks through a fallback option}
2024-08-11T06:33:20.896 application=explorer [warning] tx/per day chart: failed to get min/max blocks through a fallback option}
2024-08-11T06:33:20.896 application=explorer [info] tx/per day chart: collect records for txs per day stats
2024-08-11T06:33:20.896 application=explorer [info] tx/per day chart: records collected [%{date: ~D[2024-08-10], gas_used: 0, number_of_transactions: 0, total_fee: 0}, %{date: ~D[2024-08-09], gas_used: 0, number_of_transactions: 0, total_fee: 0}, %{date: ~D[2024-08-08], gas_used: 0, number_of_transactions: 0, total_fee: 0}, %{date: ~D[2024-08-07], gas_used: 0, number_of_transactions: 0, total_fee: 0}, %{date: ~D[2024-08-06], gas_used: 0, number_of_transactions: 0, total_fee: 0}, %{date: ~D[2024-08-05], gas_used: 0, number_of_transactions: 0, total_fee: 0}, %{date: ~D[2024-08-04], gas_used: 0, number_of_transactions: 0, total_fee: 0}, %{date: ~D[2024-08-03], gas_used: 0, number_of_transactions: 0, total_fee: 0}, %{date: ~D[2024-08-02], gas_used: 0, number_of_transactions: 0, total_fee: 0}]
2024-08-11T06:33:20.896 application=explorer [info] tx/per day chart: save records
2024-08-11T06:33:20.918 application=explorer [info] tx/per day chart: number of inserted 10
2024-08-11T06:39:04.928 application=explorer [info] tx/per day chart: collect records for txs per day stats
2024-08-11T06:39:04.928 application=explorer [info] tx/per day chart: earliest date 2024-08-02 00:00:00Z
2024-08-11T06:39:04.928 application=explorer [info] tx/per day chart: latest date 2024-08-02 23:59:59Z
2024-08-11T06:39:05.839 application=explorer [info] tx/per day chart: timestamp cannot be converted to min/max blocks, trying to find min/max blocks through a fallback option}
2024-08-11T06:39:05.911 application=explorer [warning] tx/per day chart: failed to get min/max blocks through a fallback option}
2024-08-11T06:39:05.911 application=explorer [info] tx/per day chart: collect records for txs per day stats
2024-08-11T06:39:05.911 application=explorer [info] tx/per day chart: earliest date 2024-08-03 00:00:00Z
2024-08-11T06:39:05.911 application=explorer [info] tx/per day chart: latest date 2024-08-03 23:59:59Z
2024-08-11T06:39:06.094 application=explorer [info] tx/per day chart: timestamp cannot be converted to min/max blocks, trying to find min/max blocks through a fallback option}
2024-08-11T06:39:06.167 application=explorer [warning] tx/per day chart: failed to get min/max blocks through a fallback option}
2024-08-11T06:39:06.167 application=explorer [info] tx/per day chart: collect records for txs per day stats
2024-08-11T06:39:06.168 application=explorer [info] tx/per day chart: earliest date 2024-08-04 00:00:00Z
2024-08-11T06:39:06.168 application=explorer [info] tx/per day chart: latest date 2024-08-04 23:59:59Z
2024-08-11T06:39:06.236 application=explorer [info] tx/per day chart: timestamp cannot be converted to min/max blocks, trying to find min/max blocks through a fallback option}
2024-08-11T06:39:06.303 application=explorer [warning] tx/per day chart: failed to get min/max blocks through a fallback option}
2024-08-11T06:39:06.303 application=explorer [info] tx/per day chart: collect records for txs per day stats
2024-08-11T06:39:06.304 application=explorer [info] tx/per day chart: earliest date 2024-08-05 00:00:00Z
2024-08-11T06:39:06.304 application=explorer [info] tx/per day chart: latest date 2024-08-05 23:59:59Z
2024-08-11T06:39:06.461 application=explorer [info] tx/per day chart: timestamp cannot be converted to min/max blocks, trying to find min/max blocks through a fallback option}
2024-08-11T06:39:06.542 application=explorer [info] SanitizeIncorrectWETHTokenTransfers deletion of duplicates finished, continuing with deletion of not whitelisted weth transfers
2024-08-11T06:39:06.624 application=explorer [warning] tx/per day chart: failed to get min/max blocks through a fallback option}
2024-08-11T06:39:06.624 application=explorer [info] tx/per day chart: collect records for txs per day stats
2024-08-11T06:39:06.624 application=explorer [info] tx/per day chart: earliest date 2024-08-06 00:00:00Z
2024-08-11T06:39:06.624 application=explorer [info] tx/per day chart: latest date 2024-08-06 23:59:59Z
2024-08-11T06:39:06.693 application=explorer [info] tx/per day chart: timestamp cannot be converted to min/max blocks, trying to find min/max blocks through a fallback option}
2024-08-11T06:39:06.750 application=explorer [warning] tx/per day chart: failed to get min/max blocks through a fallback option}
2024-08-11T06:39:06.750 application=explorer [info] tx/per day chart: collect records for txs per day stats
2024-08-11T06:39:06.750 application=explorer [info] tx/per day chart: earliest date 2024-08-07 00:00:00Z
2024-08-11T06:39:06.750 application=explorer [info] tx/per day chart: latest date 2024-08-07 23:59:59Z
2024-08-11T06:39:06.756 application=explorer [info] tx/per day chart: timestamp cannot be converted to min/max blocks, trying to find min/max blocks through a fallback option}
2024-08-11T06:39:06.831 application=explorer [warning] tx/per day chart: failed to get min/max blocks through a fallback option}
2024-08-11T06:39:06.831 application=explorer [info] tx/per day chart: collect records for txs per day stats
2024-08-11T06:39:06.831 application=explorer [info] tx/per day chart: earliest date 2024-08-08 00:00:00Z
2024-08-11T06:39:06.831 application=explorer [info] tx/per day chart: latest date 2024-08-08 23:59:59Z
2024-08-11T06:39:06.878 application=explorer [info] tx/per day chart: timestamp cannot be converted to min/max blocks, trying to find min/max blocks through a fallback option}
2024-08-11T06:39:06.923 application=explorer [warning] tx/per day chart: failed to get min/max blocks through a fallback option}
2024-08-11T06:39:06.923 application=explorer [info] tx/per day chart: collect records for txs per day stats
2024-08-11T06:39:06.923 application=explorer [info] tx/per day chart: earliest date 2024-08-09 00:00:00Z
2024-08-11T06:39:06.923 application=explorer [info] tx/per day chart: latest date 2024-08-09 23:59:59Z
2024-08-11T06:39:06.955 application=explorer [info] tx/per day chart: timestamp cannot be converted to min/max blocks, trying to find min/max blocks through a fallback option}
2024-08-11T06:39:06.960 application=explorer [warning] tx/per day chart: failed to get min/max blocks through a fallback option}
2024-08-11T06:39:06.960 application=explorer [info] tx/per day chart: collect records for txs per day stats
2024-08-11T06:39:06.960 application=explorer [info] tx/per day chart: earliest date 2024-08-10 00:00:00Z
2024-08-11T06:39:06.960 application=explorer [info] tx/per day chart: latest date 2024-08-10 23:59:59Z
2024-08-11T06:39:07.003 application=explorer [info] tx/per day chart: timestamp cannot be converted to min/max blocks, trying to find min/max blocks through a fallback option}
2024-08-11T06:39:07.010 application=explorer [warning] tx/per day chart: failed to get min/max blocks through a fallback option}
2024-08-11T06:39:07.010 application=explorer [info] tx/per day chart: collect records for txs per day stats
2024-08-11T06:39:07.010 application=explorer [info] tx/per day chart: records collected [%{date: ~D[2024-08-10], gas_used: 0, number_of_transactions: 0, total_fee: 0}, %{date: ~D[2024-08-09], gas_used: 0, number_of_transactions: 0, total_fee: 0}, %{date: ~D[2024-08-08], gas_used: 0, number_of_transactions: 0, total_fee: 0}, %{date: ~D[2024-08-07], gas_used: 0, number_of_transactions: 0, total_fee: 0}, %{date: ~D[2024-08-06], gas_used: 0, number_of_transactions: 0, total_fee: 0}, %{date: ~D[2024-08-05], gas_used: 0, number_of_transactions: 0, total_fee: 0}, %{date: ~D[2024-08-04], gas_used: 0, number_of_transactions: 0, total_fee: 0}, %{date: ~D[2024-08-03], gas_used: 0, number_of_transactions: 0, total_fee: 0}, %{date: ~D[2024-08-02], gas_used: 0, number_of_transactions: 0, total_fee: 0}]
2024-08-11T06:39:07.010 application=explorer [info] tx/per day chart: save records
2024-08-11T06:39:07.042 application=explorer [info] tx/per day chart: number of inserted 10
2024-08-11T06:41:04.841 application=explorer [info] Fetching precompiled config path: nil.
2024-08-11T06:41:04.841 application=explorer [warning] Genesis data is not fetched. Neither chain spec path or precompiles config path are set.
2024-08-11T11:50:00.622 application=explorer [info] tx/per day chart: collect records for txs per day stats
2024-08-11T11:50:00.622 application=explorer [info] tx/per day chart: earliest date 2024-08-02 00:00:00Z
2024-08-11T11:50:00.622 application=explorer [info] tx/per day chart: latest date 2024-08-02 23:59:59Z
2024-08-11T11:50:01.618 application=explorer [info] tx/per day chart: timestamp cannot be converted to min/max blocks, trying to find min/max blocks through a fallback option}
2024-08-11T11:50:01.770 application=explorer [warning] tx/per day chart: failed to get min/max blocks through a fallback option}
2024-08-11T11:50:01.770 application=explorer [info] tx/per day chart: collect records for txs per day stats
2024-08-11T11:50:01.770 application=explorer [info] tx/per day chart: earliest date 2024-08-03 00:00:00Z
2024-08-11T11:50:01.770 application=explorer [info] tx/per day chart: latest date 2024-08-03 23:59:59Z
2024-08-11T11:50:01.803 application=explorer [info] tx/per day chart: timestamp cannot be converted to min/max blocks, trying to find min/max blocks through a fallback option}
2024-08-11T11:50:01.878 application=explorer [warning] tx/per day chart: failed to get min/max blocks through a fallback option}
2024-08-11T11:50:01.878 application=explorer [info] tx/per day chart: collect records for txs per day stats
2024-08-11T11:50:01.878 application=explorer [info] tx/per day chart: earliest date 2024-08-04 00:00:00Z
2024-08-11T11:50:01.878 application=explorer [info] tx/per day chart: latest date 2024-08-04 23:59:59Z
2024-08-11T11:50:02.269 application=explorer [info] tx/per day chart: timestamp cannot be converted to min/max blocks, trying to find min/max blocks through a fallback option}
2024-08-11T11:50:02.376 application=explorer [warning] tx/per day chart: failed to get min/max blocks through a fallback option}
2024-08-11T11:50:02.376 application=explorer [info] tx/per day chart: collect records for txs per day stats
2024-08-11T11:50:02.376 application=explorer [info] tx/per day chart: earliest date 2024-08-05 00:00:00Z
2024-08-11T11:50:02.385 application=explorer [info] tx/per day chart: latest date 2024-08-05 23:59:59Z
2024-08-11T11:50:02.562 application=explorer [info] SanitizeIncorrectWETHTokenTransfers deletion of duplicates finished, continuing with deletion of not whitelisted weth transfers
2024-08-11T11:50:02.635 application=explorer [info] tx/per day chart: timestamp cannot be converted to min/max blocks, trying to find min/max blocks through a fallback option}
2024-08-11T11:50:02.653 application=explorer [warning] tx/per day chart: failed to get min/max blocks through a fallback option}
2024-08-11T11:50:02.653 application=explorer [info] tx/per day chart: collect records for txs per day stats
2024-08-11T11:50:02.653 application=explorer [info] tx/per day chart: earliest date 2024-08-06 00:00:00Z
2024-08-11T11:50:02.653 application=explorer [info] tx/per day chart: latest date 2024-08-06 23:59:59Z
2024-08-11T11:50:02.721 application=explorer [info] tx/per day chart: timestamp cannot be converted to min/max blocks, trying to find min/max blocks through a fallback option}
2024-08-11T11:50:02.733 application=explorer [warning] tx/per day chart: failed to get min/max blocks through a fallback option}
2024-08-11T11:50:02.733 application=explorer [info] tx/per day chart: collect records for txs per day stats
2024-08-11T11:50:02.733 application=explorer [info] tx/per day chart: earliest date 2024-08-07 00:00:00Z
2024-08-11T11:50:02.733 application=explorer [info] tx/per day chart: latest date 2024-08-07 23:59:59Z
2024-08-11T11:50:02.827 application=explorer [info] tx/per day chart: timestamp cannot be converted to min/max blocks, trying to find min/max blocks through a fallback option}
2024-08-11T11:50:02.886 application=explorer [warning] tx/per day chart: failed to get min/max blocks through a fallback option}
2024-08-11T11:50:02.886 application=explorer [info] tx/per day chart: collect records for txs per day stats
2024-08-11T11:50:02.886 application=explorer [info] tx/per day chart: earliest date 2024-08-08 00:00:00Z
2024-08-11T11:50:02.886 application=explorer [info] tx/per day chart: latest date 2024-08-08 23:59:59Z
2024-08-11T11:50:02.916 application=explorer [info] tx/per day chart: timestamp cannot be converted to min/max blocks, trying to find min/max blocks through a fallback option}
2024-08-11T11:50:02.960 application=explorer [warning] tx/per day chart: failed to get min/max blocks through a fallback option}
2024-08-11T11:50:02.960 application=explorer [info] tx/per day chart: collect records for txs per day stats
2024-08-11T11:50:02.960 application=explorer [info] tx/per day chart: earliest date 2024-08-09 00:00:00Z
2024-08-11T11:50:02.960 application=explorer [info] tx/per day chart: latest date 2024-08-09 23:59:59Z
2024-08-11T11:50:02.987 application=explorer [info] tx/per day chart: timestamp cannot be converted to min/max blocks, trying to find min/max blocks through a fallback option}
2024-08-11T11:50:02.994 application=explorer [warning] tx/per day chart: failed to get min/max blocks through a fallback option}
2024-08-11T11:50:02.994 application=explorer [info] tx/per day chart: collect records for txs per day stats
2024-08-11T11:50:02.994 application=explorer [info] tx/per day chart: earliest date 2024-08-10 00:00:00Z
2024-08-11T11:50:02.994 application=explorer [info] tx/per day chart: latest date 2024-08-10 23:59:59Z
2024-08-11T11:50:03.042 application=explorer [info] tx/per day chart: timestamp cannot be converted to min/max blocks, trying to find min/max blocks through a fallback option}
2024-08-11T11:50:03.047 application=explorer [warning] tx/per day chart: failed to get min/max blocks through a fallback option}
2024-08-11T11:50:03.047 application=explorer [info] tx/per day chart: collect records for txs per day stats
2024-08-11T11:50:03.047 application=explorer [info] tx/per day chart: records collected [%{date: ~D[2024-08-10], gas_used: 0, number_of_transactions: 0, total_fee: 0}, %{date: ~D[2024-08-09], gas_used: 0, number_of_transactions: 0, total_fee: 0}, %{date: ~D[2024-08-08], gas_used: 0, number_of_transactions: 0, total_fee: 0}, %{date: ~D[2024-08-07], gas_used: 0, number_of_transactions: 0, total_fee: 0}, %{date: ~D[2024-08-06], gas_used: 0, number_of_transactions: 0, total_fee: 0}, %{date: ~D[2024-08-05], gas_used: 0, number_of_transactions: 0, total_fee: 0}, %{date: ~D[2024-08-04], gas_used: 0, number_of_transactions: 0, total_fee: 0}, %{date: ~D[2024-08-03], gas_used: 0, number_of_transactions: 0, total_fee: 0}, %{date: ~D[2024-08-02], gas_used: 0, number_of_transactions: 0, total_fee: 0}]
2024-08-11T11:50:03.047 application=explorer [info] tx/per day chart: save records
2024-08-11T11:50:03.094 application=explorer [info] tx/per day chart: number of inserted 10
2024-08-11T11:52:00.617 application=explorer [info] Fetching precompiled config path: nil.
2024-08-11T11:52:00.617 application=explorer [warning] Genesis data is not fetched. Neither chain spec path or precompiles config path are set.
2024-08-11T11:55:34.411 application=explorer [info] Time consumed for transactions_created_contract_count_task for 0x0000000000000000000000000000000000000000 is 7ms
2024-08-11T11:55:34.494 application=explorer [info] Time consumed for token_balances counter task for 0x0000000000000000000000000000000000000000 is 89ms
2024-08-11T11:55:34.561 application=explorer [info] Time consumed for withdrawals counter task for 0x0000000000000000000000000000000000000000 is 156ms
2024-08-11T11:55:34.562 application=explorer [info] Time consumed for validations counter task for 0x0000000000000000000000000000000000000000 is 158ms
2024-08-11T11:55:34.562 application=explorer [info] Time consumed for token_transfers counter task for 0x0000000000000000000000000000000000000000 is 158ms
2024-08-11T11:55:34.578 application=explorer [info] Time consumed for transactions_to_count_task for 0x0000000000000000000000000000000000000000 is 174ms
2024-08-11T11:55:34.581 application=explorer [info] Time consumed for internal_txs counter task for 0x0000000000000000000000000000000000000000 is 176ms
2024-08-11T11:55:34.594 application=explorer [info] Time consumed for logs counter task for 0x0000000000000000000000000000000000000000 is 189ms
2024-08-11T11:55:34.618 application=explorer [info] Time consumed for transactions_from_count_task for 0x0000000000000000000000000000000000000000 is 214ms
2024-08-11T12:02:51.573 application=explorer [info] Time consumed for transactions_created_contract_count_task for 0x08e0e9643ab61c87d971288be9276a6aa95e53a3 is 10ms
2024-08-11T12:02:51.575 application=explorer [info] Time consumed for token_transfers counter task for 0x08e0e9643ab61c87d971288be9276a6aa95e53a3 is 8ms
2024-08-11T12:02:51.580 application=explorer [info] Time consumed for transactions_from_count_task for 0x08e0e9643ab61c87d971288be9276a6aa95e53a3 is 16ms
2024-08-11T12:02:51.606 application=explorer [info] Time consumed for token_balances counter task for 0x08e0e9643ab61c87d971288be9276a6aa95e53a3 is 39ms
2024-08-11T12:02:51.646 application=explorer [info] Time consumed for logs counter task for 0x08e0e9643ab61c87d971288be9276a6aa95e53a3 is 79ms
2024-08-11T12:02:51.646 application=explorer [info] Time consumed for internal_txs counter task for 0x08e0e9643ab61c87d971288be9276a6aa95e53a3 is 79ms
2024-08-11T12:02:51.671 application=explorer [info] Time consumed for validations counter task for 0x08e0e9643ab61c87d971288be9276a6aa95e53a3 is 107ms
2024-08-11T12:02:51.698 application=explorer [info] Time consumed for withdrawals counter task for 0x08e0e9643ab61c87d971288be9276a6aa95e53a3 is 131ms
2024-08-11T12:02:51.701 application=explorer [info] Time consumed for transactions_to_count_task for 0x08e0e9643ab61c87d971288be9276a6aa95e53a3 is 137ms
2024-08-11T12:03:11.225 application=explorer [info] Publish successfully verified Solidity smart-contract 0x08e0e9643ab61c87d971288be9276a6aa95e53a3 into the DB
2024-08-11T12:03:11.250 application=explorer [error] Error parsing some abi elements at 0x08e0e9643ab61c87d971288be9276a6aa95e53a3: Failed to parse abi row.
2024-08-11T12:04:19.515 application=explorer [info] Time consumed for validations counter task for 0xa1dfe8536732eb98bbca36a7f97c72e3395eab8e is 5ms
2024-08-11T12:04:19.515 application=explorer [info] Time consumed for token_transfers counter task for 0xa1dfe8536732eb98bbca36a7f97c72e3395eab8e is 4ms
2024-08-11T12:04:19.515 application=explorer [info] Time consumed for transactions_from_count_task for 0xa1dfe8536732eb98bbca36a7f97c72e3395eab8e is 5ms
2024-08-11T12:04:19.516 application=explorer [info] Time consumed for transactions_to_count_task for 0xa1dfe8536732eb98bbca36a7f97c72e3395eab8e is 6ms
2024-08-11T12:04:19.523 application=explorer [info] Time consumed for transactions_created_contract_count_task for 0xa1dfe8536732eb98bbca36a7f97c72e3395eab8e is 13ms
2024-08-11T12:04:19.528 application=explorer [info] Time consumed for logs counter task for 0xa1dfe8536732eb98bbca36a7f97c72e3395eab8e is 17ms
2024-08-11T12:04:19.557 application=explorer [info] Time consumed for withdrawals counter task for 0xa1dfe8536732eb98bbca36a7f97c72e3395eab8e is 46ms
2024-08-11T12:04:19.581 application=explorer [info] Time consumed for token_balances counter task for 0xa1dfe8536732eb98bbca36a7f97c72e3395eab8e is 70ms
2024-08-11T12:04:19.616 application=explorer [info] Time consumed for internal_txs counter task for 0xa1dfe8536732eb98bbca36a7f97c72e3395eab8e is 104ms
2024-08-11T12:14:33.887 application=explorer [info] tx/per day chart: collect records for txs per day stats
2024-08-11T12:14:33.891 application=explorer [info] tx/per day chart: earliest date 2024-08-02 00:00:00Z
2024-08-11T12:14:33.891 application=explorer [info] tx/per day chart: latest date 2024-08-02 23:59:59Z
2024-08-11T12:14:34.622 application=explorer [info] tx/per day chart: timestamp cannot be converted to min/max blocks, trying to find min/max blocks through a fallback option}
2024-08-11T12:14:34.667 application=explorer [warning] tx/per day chart: failed to get min/max blocks through a fallback option}
2024-08-11T12:14:34.667 application=explorer [info] tx/per day chart: collect records for txs per day stats
2024-08-11T12:14:34.667 application=explorer [info] tx/per day chart: earliest date 2024-08-03 00:00:00Z
2024-08-11T12:14:34.667 application=explorer [info] tx/per day chart: latest date 2024-08-03 23:59:59Z
2024-08-11T12:14:34.712 application=explorer [info] tx/per day chart: timestamp cannot be converted to min/max blocks, trying to find min/max blocks through a fallback option}
2024-08-11T12:14:34.763 application=explorer [warning] tx/per day chart: failed to get min/max blocks through a fallback option}
2024-08-11T12:14:34.763 application=explorer [info] tx/per day chart: collect records for txs per day stats
2024-08-11T12:14:34.763 application=explorer [info] tx/per day chart: earliest date 2024-08-04 00:00:00Z
2024-08-11T12:14:34.763 application=explorer [info] tx/per day chart: latest date 2024-08-04 23:59:59Z
2024-08-11T12:14:34.815 application=explorer [info] tx/per day chart: timestamp cannot be converted to min/max blocks, trying to find min/max blocks through a fallback option}
2024-08-11T12:14:34.919 application=explorer [warning] tx/per day chart: failed to get min/max blocks through a fallback option}
2024-08-11T12:14:34.919 application=explorer [info] tx/per day chart: collect records for txs per day stats
2024-08-11T12:14:34.919 application=explorer [info] tx/per day chart: earliest date 2024-08-05 00:00:00Z
2024-08-11T12:14:34.919 application=explorer [info] tx/per day chart: latest date 2024-08-05 23:59:59Z
2024-08-11T12:14:35.006 application=explorer [info] tx/per day chart: timestamp cannot be converted to min/max blocks, trying to find min/max blocks through a fallback option}
2024-08-11T12:14:35.035 application=explorer [info] SanitizeIncorrectWETHTokenTransfers deletion of duplicates finished, continuing with deletion of not whitelisted weth transfers
2024-08-11T12:14:35.140 application=explorer [warning] tx/per day chart: failed to get min/max blocks through a fallback option}
2024-08-11T12:14:35.140 application=explorer [info] tx/per day chart: collect records for txs per day stats
2024-08-11T12:14:35.140 application=explorer [info] tx/per day chart: earliest date 2024-08-06 00:00:00Z
2024-08-11T12:14:35.140 application=explorer [info] tx/per day chart: latest date 2024-08-06 23:59:59Z
2024-08-11T12:14:35.180 application=explorer [info] tx/per day chart: timestamp cannot be converted to min/max blocks, trying to find min/max blocks through a fallback option}
2024-08-11T12:14:35.183 application=explorer [warning] tx/per day chart: failed to get min/max blocks through a fallback option}
2024-08-11T12:14:35.183 application=explorer [info] tx/per day chart: collect records for txs per day stats
2024-08-11T12:14:35.183 application=explorer [info] tx/per day chart: earliest date 2024-08-07 00:00:00Z
2024-08-11T12:14:35.183 application=explorer [info] tx/per day chart: latest date 2024-08-07 23:59:59Z
2024-08-11T12:14:35.216 application=explorer [info] tx/per day chart: timestamp cannot be converted to min/max blocks, trying to find min/max blocks through a fallback option}
2024-08-11T12:14:35.221 application=explorer [warning] tx/per day chart: failed to get min/max blocks through a fallback option}
2024-08-11T12:14:35.221 application=explorer [info] tx/per day chart: collect records for txs per day stats
2024-08-11T12:14:35.221 application=explorer [info] tx/per day chart: earliest date 2024-08-08 00:00:00Z
2024-08-11T12:14:35.221 application=explorer [info] tx/per day chart: latest date 2024-08-08 23:59:59Z
2024-08-11T12:14:35.252 application=explorer [info] tx/per day chart: timestamp cannot be converted to min/max blocks, trying to find min/max blocks through a fallback option}
2024-08-11T12:14:35.273 application=explorer [warning] tx/per day chart: failed to get min/max blocks through a fallback option}
2024-08-11T12:14:35.273 application=explorer [info] tx/per day chart: collect records for txs per day stats
2024-08-11T12:14:35.273 application=explorer [info] tx/per day chart: earliest date 2024-08-09 00:00:00Z
2024-08-11T12:14:35.273 application=explorer [info] tx/per day chart: latest date 2024-08-09 23:59:59Z
2024-08-11T12:14:35.296 application=explorer [info] tx/per day chart: timestamp cannot be converted to min/max blocks, trying to find min/max blocks through a fallback option}
2024-08-11T12:14:35.407 application=explorer [warning] tx/per day chart: failed to get min/max blocks through a fallback option}
2024-08-11T12:14:35.407 application=explorer [info] tx/per day chart: collect records for txs per day stats
2024-08-11T12:14:35.407 application=explorer [info] tx/per day chart: earliest date 2024-08-10 00:00:00Z
2024-08-11T12:14:35.407 application=explorer [info] tx/per day chart: latest date 2024-08-10 23:59:59Z
2024-08-11T12:14:35.486 application=explorer [info] tx/per day chart: timestamp cannot be converted to min/max blocks, trying to find min/max blocks through a fallback option}
2024-08-11T12:14:35.566 application=explorer [warning] tx/per day chart: failed to get min/max blocks through a fallback option}
2024-08-11T12:14:35.566 application=explorer [info] tx/per day chart: collect records for txs per day stats
2024-08-11T12:14:35.566 application=explorer [info] tx/per day chart: records collected [%{date: ~D[2024-08-10], gas_used: 0, number_of_transactions: 0, total_fee: 0}, %{date: ~D[2024-08-09], gas_used: 0, number_of_transactions: 0, total_fee: 0}, %{date: ~D[2024-08-08], gas_used: 0, number_of_transactions: 0, total_fee: 0}, %{date: ~D[2024-08-07], gas_used: 0, number_of_transactions: 0, total_fee: 0}, %{date: ~D[2024-08-06], gas_used: 0, number_of_transactions: 0, total_fee: 0}, %{date: ~D[2024-08-05], gas_used: 0, number_of_transactions: 0, total_fee: 0}, %{date: ~D[2024-08-04], gas_used: 0, number_of_transactions: 0, total_fee: 0}, %{date: ~D[2024-08-03], gas_used: 0, number_of_transactions: 0, total_fee: 0}, %{date: ~D[2024-08-02], gas_used: 0, number_of_transactions: 0, total_fee: 0}]
2024-08-11T12:14:35.567 application=explorer [info] tx/per day chart: save records
2024-08-11T12:14:35.626 application=explorer [info] tx/per day chart: number of inserted 10
2024-08-11T12:16:33.875 application=explorer [info] Fetching precompiled config path: nil.
2024-08-11T12:16:33.875 application=explorer [warning] Genesis data is not fetched. Neither chain spec path or precompiles config path are set.
2024-08-11T12:54:14.856 application=explorer [info] tx/per day chart: collect records for txs per day stats
2024-08-11T12:54:14.857 application=explorer [info] tx/per day chart: earliest date 2024-08-02 00:00:00Z
2024-08-11T12:54:14.857 application=explorer [info] tx/per day chart: latest date 2024-08-02 23:59:59Z
2024-08-11T12:54:15.267 application=explorer [info] tx/per day chart: timestamp cannot be converted to min/max blocks, trying to find min/max blocks through a fallback option}
2024-08-11T12:54:15.307 application=explorer [warning] tx/per day chart: failed to get min/max blocks through a fallback option}
2024-08-11T12:54:15.307 application=explorer [info] tx/per day chart: collect records for txs per day stats
2024-08-11T12:54:15.307 application=explorer [info] tx/per day chart: earliest date 2024-08-03 00:00:00Z
2024-08-11T12:54:15.307 application=explorer [info] tx/per day chart: latest date 2024-08-03 23:59:59Z
2024-08-11T12:54:15.359 application=explorer [info] tx/per day chart: timestamp cannot be converted to min/max blocks, trying to find min/max blocks through a fallback option}
2024-08-11T12:54:15.402 application=explorer [warning] tx/per day chart: failed to get min/max blocks through a fallback option}
2024-08-11T12:54:15.402 application=explorer [info] tx/per day chart: collect records for txs per day stats
2024-08-11T12:54:15.402 application=explorer [info] tx/per day chart: earliest date 2024-08-04 00:00:00Z
2024-08-11T12:54:15.446 application=explorer [info] tx/per day chart: latest date 2024-08-04 23:59:59Z
2024-08-11T12:54:15.568 application=explorer [info] tx/per day chart: timestamp cannot be converted to min/max blocks, trying to find min/max blocks through a fallback option}
2024-08-11T12:54:15.628 application=explorer [info] SanitizeIncorrectWETHTokenTransfers deletion of duplicates finished, continuing with deletion of not whitelisted weth transfers
2024-08-11T12:54:15.654 application=explorer [warning] tx/per day chart: failed to get min/max blocks through a fallback option}
2024-08-11T12:54:15.654 application=explorer [info] tx/per day chart: collect records for txs per day stats
2024-08-11T12:54:15.654 application=explorer [info] tx/per day chart: earliest date 2024-08-05 00:00:00Z
2024-08-11T12:54:15.654 application=explorer [info] tx/per day chart: latest date 2024-08-05 23:59:59Z
2024-08-11T12:54:15.692 application=explorer [info] tx/per day chart: timestamp cannot be converted to min/max blocks, trying to find min/max blocks through a fallback option}
2024-08-11T12:54:15.761 application=explorer [warning] tx/per day chart: failed to get min/max blocks through a fallback option}
2024-08-11T12:54:15.761 application=explorer [info] tx/per day chart: collect records for txs per day stats
2024-08-11T12:54:15.808 application=explorer [info] tx/per day chart: earliest date 2024-08-06 00:00:00Z
2024-08-11T12:54:15.808 application=explorer [info] tx/per day chart: latest date 2024-08-06 23:59:59Z
2024-08-11T12:54:15.837 application=explorer [info] tx/per day chart: timestamp cannot be converted to min/max blocks, trying to find min/max blocks through a fallback option}
2024-08-11T12:54:15.914 application=explorer [warning] tx/per day chart: failed to get min/max blocks through a fallback option}
2024-08-11T12:54:15.914 application=explorer [info] tx/per day chart: collect records for txs per day stats
2024-08-11T12:54:15.914 application=explorer [info] tx/per day chart: earliest date 2024-08-07 00:00:00Z
2024-08-11T12:54:15.914 application=explorer [info] tx/per day chart: latest date 2024-08-07 23:59:59Z
2024-08-11T12:54:16.013 application=explorer [info] tx/per day chart: timestamp cannot be converted to min/max blocks, trying to find min/max blocks through a fallback option}
2024-08-11T12:54:16.104 application=explorer [warning] tx/per day chart: failed to get min/max blocks through a fallback option}
2024-08-11T12:54:16.104 application=explorer [info] tx/per day chart: collect records for txs per day stats
2024-08-11T12:54:16.169 application=explorer [info] tx/per day chart: earliest date 2024-08-08 00:00:00Z
2024-08-11T12:54:16.169 application=explorer [info] tx/per day chart: latest date 2024-08-08 23:59:59Z
2024-08-11T12:54:16.213 application=explorer [info] tx/per day chart: timestamp cannot be converted to min/max blocks, trying to find min/max blocks through a fallback option}
2024-08-11T12:54:16.287 application=explorer [warning] tx/per day chart: failed to get min/max blocks through a fallback option}
2024-08-11T12:54:16.287 application=explorer [info] tx/per day chart: collect records for txs per day stats
2024-08-11T12:54:16.287 application=explorer [info] tx/per day chart: earliest date 2024-08-09 00:00:00Z
2024-08-11T12:54:16.287 application=explorer [info] tx/per day chart: latest date 2024-08-09 23:59:59Z
2024-08-11T12:54:16.367 application=explorer [info] tx/per day chart: timestamp cannot be converted to min/max blocks, trying to find min/max blocks through a fallback option}
2024-08-11T12:54:16.394 application=explorer [warning] tx/per day chart: failed to get min/max blocks through a fallback option}
2024-08-11T12:54:16.454 application=explorer [info] tx/per day chart: collect records for txs per day stats
2024-08-11T12:54:16.454 application=explorer [info] tx/per day chart: earliest date 2024-08-10 00:00:00Z
2024-08-11T12:54:16.521 application=explorer [info] tx/per day chart: latest date 2024-08-10 23:59:59Z
2024-08-11T12:54:16.632 application=explorer [info] tx/per day chart: timestamp cannot be converted to min/max blocks, trying to find min/max blocks through a fallback option}
2024-08-11T12:54:16.686 application=explorer [warning] tx/per day chart: failed to get min/max blocks through a fallback option}
2024-08-11T12:54:16.686 application=explorer [info] tx/per day chart: collect records for txs per day stats
2024-08-11T12:54:16.687 application=explorer [info] tx/per day chart: records collected [%{date: ~D[2024-08-10], gas_used: 0, number_of_transactions: 0, total_fee: 0}, %{date: ~D[2024-08-09], gas_used: 0, number_of_transactions: 0, total_fee: 0}, %{date: ~D[2024-08-08], gas_used: 0, number_of_transactions: 0, total_fee: 0}, %{date: ~D[2024-08-07], gas_used: 0, number_of_transactions: 0, total_fee: 0}, %{date: ~D[2024-08-06], gas_used: 0, number_of_transactions: 0, total_fee: 0}, %{date: ~D[2024-08-05], gas_used: 0, number_of_transactions: 0, total_fee: 0}, %{date: ~D[2024-08-04], gas_used: 0, number_of_transactions: 0, total_fee: 0}, %{date: ~D[2024-08-03], gas_used: 0, number_of_transactions: 0, total_fee: 0}, %{date: ~D[2024-08-02], gas_used: 0, number_of_transactions: 0, total_fee: 0}]
2024-08-11T12:54:16.687 application=explorer [info] tx/per day chart: save records
2024-08-11T12:54:16.778 application=explorer [info] tx/per day chart: number of inserted 10
2024-08-11T13:04:47.127 application=explorer [info] tx/per day chart: collect records for txs per day stats
2024-08-11T13:04:47.128 application=explorer [info] tx/per day chart: earliest date 2024-08-02 00:00:00Z
2024-08-11T13:04:47.128 application=explorer [info] tx/per day chart: latest date 2024-08-02 23:59:59Z
2024-08-11T13:04:47.431 application=explorer [info] tx/per day chart: timestamp cannot be converted to min/max blocks, trying to find min/max blocks through a fallback option}
2024-08-11T13:04:47.472 application=explorer [warning] tx/per day chart: failed to get min/max blocks through a fallback option}
2024-08-11T13:04:47.472 application=explorer [info] tx/per day chart: collect records for txs per day stats
2024-08-11T13:04:47.472 application=explorer [info] tx/per day chart: earliest date 2024-08-03 00:00:00Z
2024-08-11T13:04:47.472 application=explorer [info] tx/per day chart: latest date 2024-08-03 23:59:59Z
2024-08-11T13:04:47.503 application=explorer [info] tx/per day chart: timestamp cannot be converted to min/max blocks, trying to find min/max blocks through a fallback option}
2024-08-11T13:04:47.528 application=explorer [warning] tx/per day chart: failed to get min/max blocks through a fallback option}
2024-08-11T13:04:47.528 application=explorer [info] tx/per day chart: collect records for txs per day stats
2024-08-11T13:04:47.528 application=explorer [info] tx/per day chart: earliest date 2024-08-04 00:00:00Z
2024-08-11T13:04:47.528 application=explorer [info] tx/per day chart: latest date 2024-08-04 23:59:59Z
2024-08-11T13:04:47.595 application=explorer [info] tx/per day chart: timestamp cannot be converted to min/max blocks, trying to find min/max blocks through a fallback option}
2024-08-11T13:04:47.672 application=explorer [warning] tx/per day chart: failed to get min/max blocks through a fallback option}
2024-08-11T13:04:47.672 application=explorer [info] tx/per day chart: collect records for txs per day stats
2024-08-11T13:04:47.672 application=explorer [info] tx/per day chart: earliest date 2024-08-05 00:00:00Z
2024-08-11T13:04:47.672 application=explorer [info] tx/per day chart: latest date 2024-08-05 23:59:59Z
2024-08-11T13:04:47.831 application=explorer [info] tx/per day chart: timestamp cannot be converted to min/max blocks, trying to find min/max blocks through a fallback option}
2024-08-11T13:04:47.860 application=explorer [info] SanitizeIncorrectWETHTokenTransfers deletion of duplicates finished, continuing with deletion of not whitelisted weth transfers
2024-08-11T13:04:47.963 application=explorer [warning] tx/per day chart: failed to get min/max blocks through a fallback option}
2024-08-11T13:04:48.041 application=explorer [info] tx/per day chart: collect records for txs per day stats
2024-08-11T13:04:48.041 application=explorer [info] tx/per day chart: earliest date 2024-08-06 00:00:00Z
2024-08-11T13:04:48.092 application=explorer [info] tx/per day chart: latest date 2024-08-06 23:59:59Z
2024-08-11T13:04:48.209 application=explorer [info] tx/per day chart: timestamp cannot be converted to min/max blocks, trying to find min/max blocks through a fallback option}
2024-08-11T13:04:48.265 application=explorer [warning] tx/per day chart: failed to get min/max blocks through a fallback option}
2024-08-11T13:04:48.265 application=explorer [info] tx/per day chart: collect records for txs per day stats
2024-08-11T13:04:48.265 application=explorer [info] tx/per day chart: earliest date 2024-08-07 00:00:00Z
2024-08-11T13:04:48.265 application=explorer [info] tx/per day chart: latest date 2024-08-07 23:59:59Z
2024-08-11T13:04:48.324 application=explorer [info] tx/per day chart: timestamp cannot be converted to min/max blocks, trying to find min/max blocks through a fallback option}
2024-08-11T13:04:48.343 application=explorer [warning] tx/per day chart: failed to get min/max blocks through a fallback option}
2024-08-11T13:04:48.343 application=explorer [info] tx/per day chart: collect records for txs per day stats
2024-08-11T13:04:48.343 application=explorer [info] tx/per day chart: earliest date 2024-08-08 00:00:00Z
2024-08-11T13:04:48.343 application=explorer [info] tx/per day chart: latest date 2024-08-08 23:59:59Z
2024-08-11T13:04:48.402 application=explorer [info] tx/per day chart: timestamp cannot be converted to min/max blocks, trying to find min/max blocks through a fallback option}
2024-08-11T13:04:48.423 application=explorer [warning] tx/per day chart: failed to get min/max blocks through a fallback option}
2024-08-11T13:04:48.423 application=explorer [info] tx/per day chart: collect records for txs per day stats
2024-08-11T13:04:48.463 application=explorer [info] tx/per day chart: earliest date 2024-08-09 00:00:00Z
2024-08-11T13:04:48.463 application=explorer [info] tx/per day chart: latest date 2024-08-09 23:59:59Z
2024-08-11T13:04:48.558 application=explorer [info] tx/per day chart: timestamp cannot be converted to min/max blocks, trying to find min/max blocks through a fallback option}
2024-08-11T13:04:48.584 application=explorer [warning] tx/per day chart: failed to get min/max blocks through a fallback option}
2024-08-11T13:04:48.584 application=explorer [info] tx/per day chart: collect records for txs per day stats
2024-08-11T13:04:48.584 application=explorer [info] tx/per day chart: earliest date 2024-08-10 00:00:00Z
2024-08-11T13:04:48.584 application=explorer [info] tx/per day chart: latest date 2024-08-10 23:59:59Z
2024-08-11T13:04:48.614 application=explorer [info] tx/per day chart: timestamp cannot be converted to min/max blocks, trying to find min/max blocks through a fallback option}
2024-08-11T13:04:48.710 application=explorer [warning] tx/per day chart: failed to get min/max blocks through a fallback option}
2024-08-11T13:04:48.710 application=explorer [info] tx/per day chart: collect records for txs per day stats
2024-08-11T13:04:48.711 application=explorer [info] tx/per day chart: records collected [%{date: ~D[2024-08-10], gas_used: 0, number_of_transactions: 0, total_fee: 0}, %{date: ~D[2024-08-09], gas_used: 0, number_of_transactions: 0, total_fee: 0}, %{date: ~D[2024-08-08], gas_used: 0, number_of_transactions: 0, total_fee: 0}, %{date: ~D[2024-08-07], gas_used: 0, number_of_transactions: 0, total_fee: 0}, %{date: ~D[2024-08-06], gas_used: 0, number_of_transactions: 0, total_fee: 0}, %{date: ~D[2024-08-05], gas_used: 0, number_of_transactions: 0, total_fee: 0}, %{date: ~D[2024-08-04], gas_used: 0, number_of_transactions: 0, total_fee: 0}, %{date: ~D[2024-08-03], gas_used: 0, number_of_transactions: 0, total_fee: 0}, %{date: ~D[2024-08-02], gas_used: 0, number_of_transactions: 0, total_fee: 0}]
2024-08-11T13:04:48.711 application=explorer [info] tx/per day chart: save records
2024-08-11T13:04:48.828 application=explorer [info] tx/per day chart: number of inserted 10
2024-08-11T13:06:47.095 application=explorer [info] Fetching precompiled config path: nil.
2024-08-11T13:06:47.095 application=explorer [warning] Genesis data is not fetched. Neither chain spec path or precompiles config path are set.
2024-08-11T13:14:08.553 application=explorer [info] tx/per day chart: collect records for txs per day stats
2024-08-11T13:14:08.557 application=explorer [info] tx/per day chart: earliest date 2024-08-02 00:00:00Z
2024-08-11T13:14:08.557 application=explorer [info] tx/per day chart: latest date 2024-08-02 23:59:59Z
2024-08-11T13:14:08.963 application=explorer [info] tx/per day chart: timestamp cannot be converted to min/max blocks, trying to find min/max blocks through a fallback option}
2024-08-11T13:14:09.038 application=explorer [warning] tx/per day chart: failed to get min/max blocks through a fallback option}
2024-08-11T13:14:09.038 application=explorer [info] tx/per day chart: collect records for txs per day stats
2024-08-11T13:14:09.038 application=explorer [info] tx/per day chart: earliest date 2024-08-03 00:00:00Z
2024-08-11T13:14:09.038 application=explorer [info] tx/per day chart: latest date 2024-08-03 23:59:59Z
2024-08-11T13:14:09.100 application=explorer [info] tx/per day chart: timestamp cannot be converted to min/max blocks, trying to find min/max blocks through a fallback option}
2024-08-11T13:14:09.127 application=explorer [warning] tx/per day chart: failed to get min/max blocks through a fallback option}
2024-08-11T13:14:09.127 application=explorer [info] tx/per day chart: collect records for txs per day stats
2024-08-11T13:14:09.127 application=explorer [info] tx/per day chart: earliest date 2024-08-04 00:00:00Z
2024-08-11T13:14:09.127 application=explorer [info] tx/per day chart: latest date 2024-08-04 23:59:59Z
2024-08-11T13:14:09.181 application=explorer [info] tx/per day chart: timestamp cannot be converted to min/max blocks, trying to find min/max blocks through a fallback option}
2024-08-11T13:14:09.262 application=explorer [warning] tx/per day chart: failed to get min/max blocks through a fallback option}
2024-08-11T13:14:09.262 application=explorer [info] tx/per day chart: collect records for txs per day stats
2024-08-11T13:14:09.262 application=explorer [info] tx/per day chart: earliest date 2024-08-05 00:00:00Z
2024-08-11T13:14:09.262 application=explorer [info] tx/per day chart: latest date 2024-08-05 23:59:59Z
2024-08-11T13:14:09.344 application=explorer [info] SanitizeIncorrectWETHTokenTransfers deletion of duplicates finished, continuing with deletion of not whitelisted weth transfers
2024-08-11T13:14:09.362 application=explorer [info] tx/per day chart: timestamp cannot be converted to min/max blocks, trying to find min/max blocks through a fallback option}
2024-08-11T13:14:09.504 application=explorer [warning] tx/per day chart: failed to get min/max blocks through a fallback option}
2024-08-11T13:14:09.504 application=explorer [info] tx/per day chart: collect records for txs per day stats
2024-08-11T13:14:09.504 application=explorer [info] tx/per day chart: earliest date 2024-08-06 00:00:00Z
2024-08-11T13:14:09.504 application=explorer [info] tx/per day chart: latest date 2024-08-06 23:59:59Z
2024-08-11T13:14:09.534 application=explorer [info] tx/per day chart: timestamp cannot be converted to min/max blocks, trying to find min/max blocks through a fallback option}
2024-08-11T13:14:09.611 application=explorer [warning] tx/per day chart: failed to get min/max blocks through a fallback option}
2024-08-11T13:14:09.611 application=explorer [info] tx/per day chart: collect records for txs per day stats
2024-08-11T13:14:09.611 application=explorer [info] tx/per day chart: earliest date 2024-08-07 00:00:00Z
2024-08-11T13:14:09.611 application=explorer [info] tx/per day chart: latest date 2024-08-07 23:59:59Z
2024-08-11T13:14:09.687 application=explorer [info] tx/per day chart: timestamp cannot be converted to min/max blocks, trying to find min/max blocks through a fallback option}
2024-08-11T13:14:09.724 application=explorer [warning] tx/per day chart: failed to get min/max blocks through a fallback option}
2024-08-11T13:14:09.724 application=explorer [info] tx/per day chart: collect records for txs per day stats
2024-08-11T13:14:09.724 application=explorer [info] tx/per day chart: earliest date 2024-08-08 00:00:00Z
2024-08-11T13:14:09.724 application=explorer [info] tx/per day chart: latest date 2024-08-08 23:59:59Z
2024-08-11T13:14:09.755 application=explorer [info] tx/per day chart: timestamp cannot be converted to min/max blocks, trying to find min/max blocks through a fallback option}
2024-08-11T13:14:09.857 application=explorer [warning] tx/per day chart: failed to get min/max blocks through a fallback option}
2024-08-11T13:14:09.857 application=explorer [info] tx/per day chart: collect records for txs per day stats
2024-08-11T13:14:09.857 application=explorer [info] tx/per day chart: earliest date 2024-08-09 00:00:00Z
2024-08-11T13:14:09.944 application=explorer [info] tx/per day chart: latest date 2024-08-09 23:59:59Z
2024-08-11T13:14:09.946 application=explorer [info] tx/per day chart: timestamp cannot be converted to min/max blocks, trying to find min/max blocks through a fallback option}
2024-08-11T13:14:10.077 application=explorer [warning] tx/per day chart: failed to get min/max blocks through a fallback option}
2024-08-11T13:14:10.078 application=explorer [info] tx/per day chart: collect records for txs per day stats
2024-08-11T13:14:10.126 application=explorer [info] tx/per day chart: earliest date 2024-08-10 00:00:00Z
2024-08-11T13:14:10.126 application=explorer [info] tx/per day chart: latest date 2024-08-10 23:59:59Z
2024-08-11T13:14:10.295 application=explorer [info] tx/per day chart: timestamp cannot be converted to min/max blocks, trying to find min/max blocks through a fallback option}
2024-08-11T13:14:10.324 application=explorer [warning] tx/per day chart: failed to get min/max blocks through a fallback option}
2024-08-11T13:14:10.423 application=explorer [info] tx/per day chart: collect records for txs per day stats
2024-08-11T13:14:10.424 application=explorer [info] tx/per day chart: records collected [%{date: ~D[2024-08-10], gas_used: 0, number_of_transactions: 0, total_fee: 0}, %{date: ~D[2024-08-09], gas_used: 0, number_of_transactions: 0, total_fee: 0}, %{date: ~D[2024-08-08], gas_used: 0, number_of_transactions: 0, total_fee: 0}, %{date: ~D[2024-08-07], gas_used: 0, number_of_transactions: 0, total_fee: 0}, %{date: ~D[2024-08-06], gas_used: 0, number_of_transactions: 0, total_fee: 0}, %{date: ~D[2024-08-05], gas_used: 0, number_of_transactions: 0, total_fee: 0}, %{date: ~D[2024-08-04], gas_used: 0, number_of_transactions: 0, total_fee: 0}, %{date: ~D[2024-08-03], gas_used: 0, number_of_transactions: 0, total_fee: 0}, %{date: ~D[2024-08-02], gas_used: 0, number_of_transactions: 0, total_fee: 0}]
2024-08-11T13:14:10.424 application=explorer [info] tx/per day chart: save records
2024-08-11T13:14:10.481 application=explorer [info] tx/per day chart: number of inserted 10
2024-08-11T13:17:05.857 application=explorer [info] tx/per day chart: collect records for txs per day stats
2024-08-11T13:17:05.858 application=explorer [info] tx/per day chart: earliest date 2024-08-02 00:00:00Z
2024-08-11T13:17:05.858 application=explorer [info] tx/per day chart: latest date 2024-08-02 23:59:59Z
2024-08-11T13:17:06.359 application=explorer [info] tx/per day chart: timestamp cannot be converted to min/max blocks, trying to find min/max blocks through a fallback option}
2024-08-11T13:17:06.418 application=explorer [warning] tx/per day chart: failed to get min/max blocks through a fallback option}
2024-08-11T13:17:06.419 application=explorer [info] tx/per day chart: collect records for txs per day stats
2024-08-11T13:17:06.419 application=explorer [info] tx/per day chart: earliest date 2024-08-03 00:00:00Z
2024-08-11T13:17:06.419 application=explorer [info] tx/per day chart: latest date 2024-08-03 23:59:59Z
2024-08-11T13:17:06.469 application=explorer [info] tx/per day chart: timestamp cannot be converted to min/max blocks, trying to find min/max blocks through a fallback option}
2024-08-11T13:17:06.531 application=explorer [warning] tx/per day chart: failed to get min/max blocks through a fallback option}
2024-08-11T13:17:06.531 application=explorer [info] tx/per day chart: collect records for txs per day stats
2024-08-11T13:17:06.531 application=explorer [info] tx/per day chart: earliest date 2024-08-04 00:00:00Z
2024-08-11T13:17:06.532 application=explorer [info] tx/per day chart: latest date 2024-08-04 23:59:59Z
2024-08-11T13:17:06.620 application=explorer [info] tx/per day chart: timestamp cannot be converted to min/max blocks, trying to find min/max blocks through a fallback option}
2024-08-11T13:17:06.836 application=explorer [warning] tx/per day chart: failed to get min/max blocks through a fallback option}
2024-08-11T13:17:06.836 application=explorer [info] tx/per day chart: collect records for txs per day stats
2024-08-11T13:17:06.836 application=explorer [info] tx/per day chart: earliest date 2024-08-05 00:00:00Z
2024-08-11T13:17:06.836 application=explorer [info] tx/per day chart: latest date 2024-08-05 23:59:59Z
2024-08-11T13:17:06.845 application=explorer [info] SanitizeIncorrectWETHTokenTransfers deletion of duplicates finished, continuing with deletion of not whitelisted weth transfers
2024-08-11T13:17:06.896 application=explorer [info] tx/per day chart: timestamp cannot be converted to min/max blocks, trying to find min/max blocks through a fallback option}
2024-08-11T13:17:06.950 application=explorer [warning] tx/per day chart: failed to get min/max blocks through a fallback option}
2024-08-11T13:17:07.007 application=explorer [info] tx/per day chart: collect records for txs per day stats
2024-08-11T13:17:07.007 application=explorer [info] tx/per day chart: earliest date 2024-08-06 00:00:00Z
2024-08-11T13:17:07.091 application=explorer [info] tx/per day chart: latest date 2024-08-06 23:59:59Z
2024-08-11T13:17:07.217 application=explorer [info] tx/per day chart: timestamp cannot be converted to min/max blocks, trying to find min/max blocks through a fallback option}
2024-08-11T13:17:07.337 application=explorer [warning] tx/per day chart: failed to get min/max blocks through a fallback option}
2024-08-11T13:17:07.338 application=explorer [info] tx/per day chart: collect records for txs per day stats
2024-08-11T13:17:07.338 application=explorer [info] tx/per day chart: earliest date 2024-08-07 00:00:00Z
2024-08-11T13:17:07.338 application=explorer [info] tx/per day chart: latest date 2024-08-07 23:59:59Z
2024-08-11T13:17:07.384 application=explorer [info] tx/per day chart: timestamp cannot be converted to min/max blocks, trying to find min/max blocks through a fallback option}
2024-08-11T13:17:07.416 application=explorer [warning] tx/per day chart: failed to get min/max blocks through a fallback option}
2024-08-11T13:17:07.416 application=explorer [info] tx/per day chart: collect records for txs per day stats
2024-08-11T13:17:07.416 application=explorer [info] tx/per day chart: earliest date 2024-08-08 00:00:00Z
2024-08-11T13:17:07.417 application=explorer [info] tx/per day chart: latest date 2024-08-08 23:59:59Z
2024-08-11T13:17:07.541 application=explorer [info] tx/per day chart: timestamp cannot be converted to min/max blocks, trying to find min/max blocks through a fallback option}
2024-08-11T13:17:07.653 application=explorer [warning] tx/per day chart: failed to get min/max blocks through a fallback option}
2024-08-11T13:17:07.653 application=explorer [info] tx/per day chart: collect records for txs per day stats
2024-08-11T13:17:07.653 application=explorer [info] tx/per day chart: earliest date 2024-08-09 00:00:00Z
2024-08-11T13:17:07.653 application=explorer [info] tx/per day chart: latest date 2024-08-09 23:59:59Z
2024-08-11T13:17:07.702 application=explorer [info] tx/per day chart: timestamp cannot be converted to min/max blocks, trying to find min/max blocks through a fallback option}
2024-08-11T13:17:07.799 application=explorer [warning] tx/per day chart: failed to get min/max blocks through a fallback option}
2024-08-11T13:17:07.799 application=explorer [info] tx/per day chart: collect records for txs per day stats
2024-08-11T13:17:07.799 application=explorer [info] tx/per day chart: earliest date 2024-08-10 00:00:00Z
2024-08-11T13:17:07.799 application=explorer [info] tx/per day chart: latest date 2024-08-10 23:59:59Z
2024-08-11T13:17:07.878 application=explorer [info] tx/per day chart: timestamp cannot be converted to min/max blocks, trying to find min/max blocks through a fallback option}
2024-08-11T13:17:08.015 application=explorer [warning] tx/per day chart: failed to get min/max blocks through a fallback option}
2024-08-11T13:17:08.015 application=explorer [info] tx/per day chart: collect records for txs per day stats
2024-08-11T13:17:08.109 application=explorer [info] tx/per day chart: records collected [%{date: ~D[2024-08-10], gas_used: 0, number_of_transactions: 0, total_fee: 0}, %{date: ~D[2024-08-09], gas_used: 0, number_of_transactions: 0, total_fee: 0}, %{date: ~D[2024-08-08], gas_used: 0, number_of_transactions: 0, total_fee: 0}, %{date: ~D[2024-08-07], gas_used: 0, number_of_transactions: 0, total_fee: 0}, %{date: ~D[2024-08-06], gas_used: 0, number_of_transactions: 0, total_fee: 0}, %{date: ~D[2024-08-05], gas_used: 0, number_of_transactions: 0, total_fee: 0}, %{date: ~D[2024-08-04], gas_used: 0, number_of_transactions: 0, total_fee: 0}, %{date: ~D[2024-08-03], gas_used: 0, number_of_transactions: 0, total_fee: 0}, %{date: ~D[2024-08-02], gas_used: 0, number_of_transactions: 0, total_fee: 0}]
2024-08-11T13:17:08.174 application=explorer [info] tx/per day chart: save records
2024-08-11T13:17:08.310 application=explorer [info] tx/per day chart: number of inserted 10
2024-08-11T13:56:47.513 application=explorer [info] tx/per day chart: collect records for txs per day stats
2024-08-11T13:56:47.515 application=explorer [info] tx/per day chart: earliest date 2024-08-02 00:00:00Z
2024-08-11T13:56:47.515 application=explorer [info] tx/per day chart: latest date 2024-08-02 23:59:59Z
2024-08-11T13:56:47.828 application=explorer [info] tx/per day chart: timestamp cannot be converted to min/max blocks, trying to find min/max blocks through a fallback option}
2024-08-11T13:56:47.866 application=explorer [warning] tx/per day chart: failed to get min/max blocks through a fallback option}
2024-08-11T13:56:47.866 application=explorer [info] tx/per day chart: collect records for txs per day stats
2024-08-11T13:56:47.866 application=explorer [info] tx/per day chart: earliest date 2024-08-03 00:00:00Z
2024-08-11T13:56:47.866 application=explorer [info] tx/per day chart: latest date 2024-08-03 23:59:59Z
2024-08-11T13:56:47.909 application=explorer [info] tx/per day chart: timestamp cannot be converted to min/max blocks, trying to find min/max blocks through a fallback option}
2024-08-11T13:56:47.978 application=explorer [warning] tx/per day chart: failed to get min/max blocks through a fallback option}
2024-08-11T13:56:47.978 application=explorer [info] tx/per day chart: collect records for txs per day stats
2024-08-11T13:56:47.978 application=explorer [info] tx/per day chart: earliest date 2024-08-04 00:00:00Z
2024-08-11T13:56:47.978 application=explorer [info] tx/per day chart: latest date 2024-08-04 23:59:59Z
2024-08-11T13:56:48.108 application=explorer [info] tx/per day chart: timestamp cannot be converted to min/max blocks, trying to find min/max blocks through a fallback option}
2024-08-11T13:56:48.177 application=explorer [warning] tx/per day chart: failed to get min/max blocks through a fallback option}
2024-08-11T13:56:48.177 application=explorer [info] tx/per day chart: collect records for txs per day stats
2024-08-11T13:56:48.177 application=explorer [info] tx/per day chart: earliest date 2024-08-05 00:00:00Z
2024-08-11T13:56:48.177 application=explorer [info] tx/per day chart: latest date 2024-08-05 23:59:59Z
2024-08-11T13:56:48.232 application=explorer [info] tx/per day chart: timestamp cannot be converted to min/max blocks, trying to find min/max blocks through a fallback option}
2024-08-11T13:56:48.233 application=explorer [info] SanitizeIncorrectWETHTokenTransfers deletion of duplicates finished, continuing with deletion of not whitelisted weth transfers
2024-08-11T13:56:48.301 application=explorer [warning] tx/per day chart: failed to get min/max blocks through a fallback option}
2024-08-11T13:56:48.301 application=explorer [info] tx/per day chart: collect records for txs per day stats
2024-08-11T13:56:48.301 application=explorer [info] tx/per day chart: earliest date 2024-08-06 00:00:00Z
2024-08-11T13:56:48.301 application=explorer [info] tx/per day chart: latest date 2024-08-06 23:59:59Z
2024-08-11T13:56:48.369 application=explorer [info] tx/per day chart: timestamp cannot be converted to min/max blocks, trying to find min/max blocks through a fallback option}
2024-08-11T13:56:48.390 application=explorer [warning] tx/per day chart: failed to get min/max blocks through a fallback option}
2024-08-11T13:56:48.390 application=explorer [info] tx/per day chart: collect records for txs per day stats
2024-08-11T13:56:48.390 application=explorer [info] tx/per day chart: earliest date 2024-08-07 00:00:00Z
2024-08-11T13:56:48.390 application=explorer [info] tx/per day chart: latest date 2024-08-07 23:59:59Z
2024-08-11T13:56:48.464 application=explorer [info] tx/per day chart: timestamp cannot be converted to min/max blocks, trying to find min/max blocks through a fallback option}
2024-08-11T13:56:48.530 application=explorer [warning] tx/per day chart: failed to get min/max blocks through a fallback option}
2024-08-11T13:56:48.585 application=explorer [info] tx/per day chart: collect records for txs per day stats
2024-08-11T13:56:48.585 application=explorer [info] tx/per day chart: earliest date 2024-08-08 00:00:00Z
2024-08-11T13:56:48.585 application=explorer [info] tx/per day chart: latest date 2024-08-08 23:59:59Z
2024-08-11T13:56:48.690 application=explorer [info] tx/per day chart: timestamp cannot be converted to min/max blocks, trying to find min/max blocks through a fallback option}
2024-08-11T13:56:48.693 application=explorer [warning] tx/per day chart: failed to get min/max blocks through a fallback option}
2024-08-11T13:56:48.693 application=explorer [info] tx/per day chart: collect records for txs per day stats
2024-08-11T13:56:48.693 application=explorer [info] tx/per day chart: earliest date 2024-08-09 00:00:00Z
2024-08-11T13:56:48.730 application=explorer [info] tx/per day chart: latest date 2024-08-09 23:59:59Z
2024-08-11T13:56:48.833 application=explorer [info] tx/per day chart: timestamp cannot be converted to min/max blocks, trying to find min/max blocks through a fallback option}
2024-08-11T13:56:48.908 application=explorer [warning] tx/per day chart: failed to get min/max blocks through a fallback option}
2024-08-11T13:56:48.908 application=explorer [info] tx/per day chart: collect records for txs per day stats
2024-08-11T13:56:48.908 application=explorer [info] tx/per day chart: earliest date 2024-08-10 00:00:00Z
2024-08-11T13:56:48.946 application=explorer [info] tx/per day chart: latest date 2024-08-10 23:59:59Z
2024-08-11T13:56:48.965 application=explorer [info] tx/per day chart: timestamp cannot be converted to min/max blocks, trying to find min/max blocks through a fallback option}
2024-08-11T13:56:49.033 application=explorer [warning] tx/per day chart: failed to get min/max blocks through a fallback option}
2024-08-11T13:56:49.033 application=explorer [info] tx/per day chart: collect records for txs per day stats
2024-08-11T13:56:49.034 application=explorer [info] tx/per day chart: records collected [%{date: ~D[2024-08-10], gas_used: 0, number_of_transactions: 0, total_fee: 0}, %{date: ~D[2024-08-09], gas_used: 0, number_of_transactions: 0, total_fee: 0}, %{date: ~D[2024-08-08], gas_used: 0, number_of_transactions: 0, total_fee: 0}, %{date: ~D[2024-08-07], gas_used: 0, number_of_transactions: 0, total_fee: 0}, %{date: ~D[2024-08-06], gas_used: 0, number_of_transactions: 0, total_fee: 0}, %{date: ~D[2024-08-05], gas_used: 0, number_of_transactions: 0, total_fee: 0}, %{date: ~D[2024-08-04], gas_used: 0, number_of_transactions: 0, total_fee: 0}, %{date: ~D[2024-08-03], gas_used: 0, number_of_transactions: 0, total_fee: 0}, %{date: ~D[2024-08-02], gas_used: 0, number_of_transactions: 0, total_fee: 0}]
2024-08-11T13:56:49.034 application=explorer [info] tx/per day chart: save records
2024-08-11T13:56:49.064 application=explorer [info] tx/per day chart: number of inserted 10
2024-08-11T13:58:47.476 application=explorer [info] Fetching precompiled config path: nil.
2024-08-11T13:58:47.476 application=explorer [warning] Genesis data is not fetched. Neither chain spec path or precompiles config path are set.
2024-08-11T14:01:27.772 application=explorer [info] Time consumed for transactions_from_count_task for 0xd330bf59593050b083b5baced35ae29021457042 is 4ms
2024-08-11T14:01:27.837 application=explorer [info] Time consumed for internal_txs counter task for 0xd330bf59593050b083b5baced35ae29021457042 is 68ms
2024-08-11T14:01:27.843 application=explorer [info] Time consumed for withdrawals counter task for 0xd330bf59593050b083b5baced35ae29021457042 is 76ms
2024-08-11T14:01:27.843 application=explorer [info] Time consumed for transactions_to_count_task for 0xd330bf59593050b083b5baced35ae29021457042 is 76ms
2024-08-11T14:01:27.843 application=explorer [info] Time consumed for transactions_created_contract_count_task for 0xd330bf59593050b083b5baced35ae29021457042 is 76ms
2024-08-11T14:01:27.843 application=explorer [info] Time consumed for validations counter task for 0xd330bf59593050b083b5baced35ae29021457042 is 76ms
2024-08-11T14:01:27.843 application=explorer [info] Time consumed for token_balances counter task for 0xd330bf59593050b083b5baced35ae29021457042 is 76ms
2024-08-11T14:01:27.843 application=explorer [info] Time consumed for logs counter task for 0xd330bf59593050b083b5baced35ae29021457042 is 76ms
2024-08-11T14:01:27.843 application=explorer [info] Time consumed for token_transfers counter task for 0xd330bf59593050b083b5baced35ae29021457042 is 76ms
